CRITICAL - 2022-07-12 06:04:56 --> Undefined variable $row
in APPPATH\Views\editiuran.php on line 10.
 1 APPPATH\Views\editiuran.php(10): CodeIgniter\Debug\Exceptions->errorHandler(2, 'Undefined variable $row', 'APPPATH\\Views\\editiuran.php', 10)
 2 SYSTEMPATH\View\View.php(213): include('APPPATH\\Views\\editiuran.php')
 3 SYSTEMPATH\View\View.php(216): CodeIgniter\View\View->CodeIgniter\View\{closure}()
 4 SYSTEMPATH\Common.php(1135): CodeIgniter\View\View->render('editiuran', [], true)
 5 APPPATH\Controllers\Iuran.php(93): view('editiuran', [...])
 6 SYSTEMPATH\CodeIgniter.php(896): App\Controllers\Iuran->editiuran('1')
 7 SYSTEMPATH\CodeIgniter.php(466): CodeIgniter\CodeIgniter->runController(Object(App\Controllers\Iuran))
 8 SYSTEMPATH\CodeIgniter.php(349): CodeIgniter\CodeIgniter->handleRequest(null, Object(Config\Cache), false)
 9 FCPATH\index.php(55): CodeIgniter\CodeIgniter->run()
10 SYSTEMPATH\Commands\Server\rewrite.php(43): require_once('FCPATH\\index.php')
CRITICAL - 2022-07-12 06:10:00 --> Undefined array key "idIuran"
in APPPATH\Views\editiuran.php on line 32.
 1 APPPATH\Views\editiuran.php(32): CodeIgniter\Debug\Exceptions->errorHandler(2, 'Undefined array key "idIuran"', 'APPPATH\\Views\\editiuran.php', 32)
 2 SYSTEMPATH\View\View.php(213): include('APPPATH\\Views\\editiuran.php')
 3 SYSTEMPATH\View\View.php(216): CodeIgniter\View\View->CodeIgniter\View\{closure}()
 4 SYSTEMPATH\Common.php(1135): CodeIgniter\View\View->render('editiuran', [], true)
 5 APPPATH\Controllers\Iuran.php(93): view('editiuran', [...])
 6 SYSTEMPATH\CodeIgniter.php(896): App\Controllers\Iuran->editiuran('1')
 7 SYSTEMPATH\CodeIgniter.php(466): CodeIgniter\CodeIgniter->runController(Object(App\Controllers\Iuran))
 8 SYSTEMPATH\CodeIgniter.php(349): CodeIgniter\CodeIgniter->handleRequest(null, Object(Config\Cache), false)
 9 FCPATH\index.php(55): CodeIgniter\CodeIgniter->run()
10 SYSTEMPATH\Commands\Server\rewrite.php(43): require_once('FCPATH\\index.php')
CRITICAL - 2022-07-12 06:10:13 --> Undefined array key "idIuran"
in APPPATH\Views\editiuran.php on line 32.
 1 APPPATH\Views\editiuran.php(32): CodeIgniter\Debug\Exceptions->errorHandler(2, 'Undefined array key "idIuran"', 'APPPATH\\Views\\editiuran.php', 32)
 2 SYSTEMPATH\View\View.php(213): include('APPPATH\\Views\\editiuran.php')
 3 SYSTEMPATH\View\View.php(216): CodeIgniter\View\View->CodeIgniter\View\{closure}()
 4 SYSTEMPATH\Common.php(1135): CodeIgniter\View\View->render('editiuran', [], true)
 5 APPPATH\Controllers\Iuran.php(93): view('editiuran', [...])
 6 SYSTEMPATH\CodeIgniter.php(896): App\Controllers\Iuran->editiuran('1')
 7 SYSTEMPATH\CodeIgniter.php(466): CodeIgniter\CodeIgniter->runController(Object(App\Controllers\Iuran))
 8 SYSTEMPATH\CodeIgniter.php(349): CodeIgniter\CodeIgniter->handleRequest(null, Object(Config\Cache), false)
 9 FCPATH\index.php(55): CodeIgniter\CodeIgniter->run()
10 SYSTEMPATH\Commands\Server\rewrite.php(43): require_once('FCPATH\\index.php')
CRITICAL - 2022-07-12 06:13:30 --> Trying to access array offset on value of type null
in APPPATH\Views\editiuran.php on line 8.
 1 APPPATH\Views\editiuran.php(8): CodeIgniter\Debug\Exceptions->errorHandler(2, 'Trying to access array offset on value of type null', 'APPPATH\\Views\\editiuran.php', 8)
 2 SYSTEMPATH\View\View.php(213): include('APPPATH\\Views\\editiuran.php')
 3 SYSTEMPATH\View\View.php(216): CodeIgniter\View\View->CodeIgniter\View\{closure}()
 4 SYSTEMPATH\Common.php(1135): CodeIgniter\View\View->render('editiuran', [], true)
 5 APPPATH\Controllers\Iuran.php(93): view('editiuran', [...])
 6 SYSTEMPATH\CodeIgniter.php(896): App\Controllers\Iuran->editiuran('4')
 7 SYSTEMPATH\CodeIgniter.php(466): CodeIgniter\CodeIgniter->runController(Object(App\Controllers\Iuran))
 8 SYSTEMPATH\CodeIgniter.php(349): CodeIgniter\CodeIgniter->handleRequest(null, Object(Config\Cache), false)
 9 FCPATH\index.php(55): CodeIgniter\CodeIgniter->run()
10 SYSTEMPATH\Commands\Server\rewrite.php(43): require_once('FCPATH\\index.php')
CRITICAL - 2022-07-12 06:14:39 --> Undefined array key "idIuran"
in APPPATH\Views\editiuran.php on line 32.
 1 APPPATH\Views\editiuran.php(32): CodeIgniter\Debug\Exceptions->errorHandler(2, 'Undefined array key "idIuran"', 'APPPATH\\Views\\editiuran.php', 32)
 2 SYSTEMPATH\View\View.php(213): include('APPPATH\\Views\\editiuran.php')
 3 SYSTEMPATH\View\View.php(216): CodeIgniter\View\View->CodeIgniter\View\{closure}()
 4 SYSTEMPATH\Common.php(1135): CodeIgniter\View\View->render('editiuran', [], true)
 5 APPPATH\Controllers\Iuran.php(93): view('editiuran', [...])
 6 SYSTEMPATH\CodeIgniter.php(896): App\Controllers\Iuran->editiuran('1')
 7 SYSTEMPATH\CodeIgniter.php(466): CodeIgniter\CodeIgniter->runController(Object(App\Controllers\Iuran))
 8 SYSTEMPATH\CodeIgniter.php(349): CodeIgniter\CodeIgniter->handleRequest(null, Object(Config\Cache), false)
 9 FCPATH\index.php(55): CodeIgniter\CodeIgniter->run()
10 SYSTEMPATH\Commands\Server\rewrite.php(43): require_once('FCPATH\\index.php')
CRITICAL - 2022-07-12 06:14:52 --> Trying to access array offset on value of type null
in APPPATH\Views\editiuran.php on line 8.
 1 APPPATH\Views\editiuran.php(8): CodeIgniter\Debug\Exceptions->errorHandler(2, 'Trying to access array offset on value of type null', 'APPPATH\\Views\\editiuran.php', 8)
 2 SYSTEMPATH\View\View.php(213): include('APPPATH\\Views\\editiuran.php')
 3 SYSTEMPATH\View\View.php(216): CodeIgniter\View\View->CodeIgniter\View\{closure}()
 4 SYSTEMPATH\Common.php(1135): CodeIgniter\View\View->render('editiuran', [], true)
 5 APPPATH\Controllers\Iuran.php(93): view('editiuran', [...])
 6 SYSTEMPATH\CodeIgniter.php(896): App\Controllers\Iuran->editiuran('4')
 7 SYSTEMPATH\CodeIgniter.php(466): CodeIgniter\CodeIgniter->runController(Object(App\Controllers\Iuran))
 8 SYSTEMPATH\CodeIgniter.php(349): CodeIgniter\CodeIgniter->handleRequest(null, Object(Config\Cache), false)
 9 FCPATH\index.php(55): CodeIgniter\CodeIgniter->run()
10 SYSTEMPATH\Commands\Server\rewrite.php(43): require_once('FCPATH\\index.php')
CRITICAL - 2022-07-12 06:15:01 --> Undefined array key "idIuran"
in APPPATH\Views\editiuran.php on line 32.
 1 APPPATH\Views\editiuran.php(32): CodeIgniter\Debug\Exceptions->errorHandler(2, 'Undefined array key "idIuran"', 'APPPATH\\Views\\editiuran.php', 32)
 2 SYSTEMPATH\View\View.php(213): include('APPPATH\\Views\\editiuran.php')
 3 SYSTEMPATH\View\View.php(216): CodeIgniter\View\View->CodeIgniter\View\{closure}()
 4 SYSTEMPATH\Common.php(1135): CodeIgniter\View\View->render('editiuran', [], true)
 5 APPPATH\Controllers\Iuran.php(93): view('editiuran', [...])
 6 SYSTEMPATH\CodeIgniter.php(896): App\Controllers\Iuran->editiuran('1')
 7 SYSTEMPATH\CodeIgniter.php(466): CodeIgniter\CodeIgniter->runController(Object(App\Controllers\Iuran))
 8 SYSTEMPATH\CodeIgniter.php(349): CodeIgniter\CodeIgniter->handleRequest(null, Object(Config\Cache), false)
 9 FCPATH\index.php(55): CodeIgniter\CodeIgniter->run()
10 SYSTEMPATH\Commands\Server\rewrite.php(43): require_once('FCPATH\\index.php')
CRITICAL - 2022-07-12 06:16:16 --> Undefined variable $data
in APPPATH\Views\editiuran.php on line 6.
 1 APPPATH\Views\editiuran.php(6): CodeIgniter\Debug\Exceptions->errorHandler(2, 'Undefined variable $data', 'APPPATH\\Views\\editiuran.php', 6)
 2 SYSTEMPATH\View\View.php(213): include('APPPATH\\Views\\editiuran.php')
 3 SYSTEMPATH\View\View.php(216): CodeIgniter\View\View->CodeIgniter\View\{closure}()
 4 SYSTEMPATH\Common.php(1135): CodeIgniter\View\View->render('editiuran', [], true)
 5 APPPATH\Controllers\Iuran.php(93): view('editiuran', [...])
 6 SYSTEMPATH\CodeIgniter.php(896): App\Controllers\Iuran->editiuran('1')
 7 SYSTEMPATH\CodeIgniter.php(466): CodeIgniter\CodeIgniter->runController(Object(App\Controllers\Iuran))
 8 SYSTEMPATH\CodeIgniter.php(349): CodeIgniter\CodeIgniter->handleRequest(null, Object(Config\Cache), false)
 9 FCPATH\index.php(55): CodeIgniter\CodeIgniter->run()
10 SYSTEMPATH\Commands\Server\rewrite.php(43): require_once('FCPATH\\index.php')
CRITICAL - 2022-07-12 06:16:27 --> Undefined array key "idIuran"
in APPPATH\Views\editiuran.php on line 32.
 1 APPPATH\Views\editiuran.php(32): CodeIgniter\Debug\Exceptions->errorHandler(2, 'Undefined array key "idIuran"', 'APPPATH\\Views\\editiuran.php', 32)
 2 SYSTEMPATH\View\View.php(213): include('APPPATH\\Views\\editiuran.php')
 3 SYSTEMPATH\View\View.php(216): CodeIgniter\View\View->CodeIgniter\View\{closure}()
 4 SYSTEMPATH\Common.php(1135): CodeIgniter\View\View->render('editiuran', [], true)
 5 APPPATH\Controllers\Iuran.php(93): view('editiuran', [...])
 6 SYSTEMPATH\CodeIgniter.php(896): App\Controllers\Iuran->editiuran('1')
 7 SYSTEMPATH\CodeIgniter.php(466): CodeIgniter\CodeIgniter->runController(Object(App\Controllers\Iuran))
 8 SYSTEMPATH\CodeIgniter.php(349): CodeIgniter\CodeIgniter->handleRequest(null, Object(Config\Cache), false)
 9 FCPATH\index.php(55): CodeIgniter\CodeIgniter->run()
10 SYSTEMPATH\Commands\Server\rewrite.php(43): require_once('FCPATH\\index.php')
CRITICAL - 2022-07-12 06:16:55 --> Undefined array key "idWarga"
in APPPATH\Views\editiuran.php on line 36.
 1 APPPATH\Views\editiuran.php(36): CodeIgniter\Debug\Exceptions->errorHandler(2, 'Undefined array key "idWarga"', 'APPPATH\\Views\\editiuran.php', 36)
 2 SYSTEMPATH\View\View.php(213): include('APPPATH\\Views\\editiuran.php')
 3 SYSTEMPATH\View\View.php(216): CodeIgniter\View\View->CodeIgniter\View\{closure}()
 4 SYSTEMPATH\Common.php(1135): CodeIgniter\View\View->render('editiuran', [], true)
 5 APPPATH\Controllers\Iuran.php(93): view('editiuran', [...])
 6 SYSTEMPATH\CodeIgniter.php(896): App\Controllers\Iuran->editiuran('1')
 7 SYSTEMPATH\CodeIgniter.php(466): CodeIgniter\CodeIgniter->runController(Object(App\Controllers\Iuran))
 8 SYSTEMPATH\CodeIgniter.php(349): CodeIgniter\CodeIgniter->handleRequest(null, Object(Config\Cache), false)
 9 FCPATH\index.php(55): CodeIgniter\CodeIgniter->run()
10 SYSTEMPATH\Commands\Server\rewrite.php(43): require_once('FCPATH\\index.php')
CRITICAL - 2022-07-12 06:21:26 --> Trying to access array offset on value of type null
in APPPATH\Views\editiuran.php on line 8.
 1 APPPATH\Views\editiuran.php(8): CodeIgniter\Debug\Exceptions->errorHandler(2, 'Trying to access array offset on value of type null', 'APPPATH\\Views\\editiuran.php', 8)
 2 SYSTEMPATH\View\View.php(213): include('APPPATH\\Views\\editiuran.php')
 3 SYSTEMPATH\View\View.php(216): CodeIgniter\View\View->CodeIgniter\View\{closure}()
 4 SYSTEMPATH\Common.php(1135): CodeIgniter\View\View->render('editiuran', [], true)
 5 APPPATH\Controllers\Iuran.php(93): view('editiuran', [...])
 6 SYSTEMPATH\CodeIgniter.php(896): App\Controllers\Iuran->editiuran('2')
 7 SYSTEMPATH\CodeIgniter.php(466): CodeIgniter\CodeIgniter->runController(Object(App\Controllers\Iuran))
 8 SYSTEMPATH\CodeIgniter.php(349): CodeIgniter\CodeIgniter->handleRequest(null, Object(Config\Cache), false)
 9 FCPATH\index.php(55): CodeIgniter\CodeIgniter->run()
10 SYSTEMPATH\Commands\Server\rewrite.php(43): require_once('FCPATH\\index.php')
CRITICAL - 2022-07-12 06:21:49 --> Trying to access array offset on value of type null
in APPPATH\Views\editiuran.php on line 8.
 1 APPPATH\Views\editiuran.php(8): CodeIgniter\Debug\Exceptions->errorHandler(2, 'Trying to access array offset on value of type null', 'APPPATH\\Views\\editiuran.php', 8)
 2 SYSTEMPATH\View\View.php(213): include('APPPATH\\Views\\editiuran.php')
 3 SYSTEMPATH\View\View.php(216): CodeIgniter\View\View->CodeIgniter\View\{closure}()
 4 SYSTEMPATH\Common.php(1135): CodeIgniter\View\View->render('editiuran', [], true)
 5 APPPATH\Controllers\Iuran.php(93): view('editiuran', [...])
 6 SYSTEMPATH\CodeIgniter.php(896): App\Controllers\Iuran->editiuran('3')
 7 SYSTEMPATH\CodeIgniter.php(466): CodeIgniter\CodeIgniter->runController(Object(App\Controllers\Iuran))
 8 SYSTEMPATH\CodeIgniter.php(349): CodeIgniter\CodeIgniter->handleRequest(null, Object(Config\Cache), false)
 9 FCPATH\index.php(55): CodeIgniter\CodeIgniter->run()
10 SYSTEMPATH\Commands\Server\rewrite.php(43): require_once('FCPATH\\index.php')
CRITICAL - 2022-07-12 06:23:17 --> Trying to access array offset on value of type null
in APPPATH\Views\editiuran.php on line 8.
 1 APPPATH\Views\editiuran.php(8): CodeIgniter\Debug\Exceptions->errorHandler(2, 'Trying to access array offset on value of type null', 'APPPATH\\Views\\editiuran.php', 8)
 2 SYSTEMPATH\View\View.php(213): include('APPPATH\\Views\\editiuran.php')
 3 SYSTEMPATH\View\View.php(216): CodeIgniter\View\View->CodeIgniter\View\{closure}()
 4 SYSTEMPATH\Common.php(1135): CodeIgniter\View\View->render('editiuran', [], true)
 5 APPPATH\Controllers\Iuran.php(93): view('editiuran', [...])
 6 SYSTEMPATH\CodeIgniter.php(896): App\Controllers\Iuran->editiuran('6')
 7 SYSTEMPATH\CodeIgniter.php(466): CodeIgniter\CodeIgniter->runController(Object(App\Controllers\Iuran))
 8 SYSTEMPATH\CodeIgniter.php(349): CodeIgniter\CodeIgniter->handleRequest(null, Object(Config\Cache), false)
 9 FCPATH\index.php(55): CodeIgniter\CodeIgniter->run()
10 SYSTEMPATH\Commands\Server\rewrite.php(43): require_once('FCPATH\\index.php')
CRITICAL - 2022-07-12 06:23:25 --> Trying to access array offset on value of type null
in APPPATH\Views\editiuran.php on line 8.
 1 APPPATH\Views\editiuran.php(8): CodeIgniter\Debug\Exceptions->errorHandler(2, 'Trying to access array offset on value of type null', 'APPPATH\\Views\\editiuran.php', 8)
 2 SYSTEMPATH\View\View.php(213): include('APPPATH\\Views\\editiuran.php')
 3 SYSTEMPATH\View\View.php(216): CodeIgniter\View\View->CodeIgniter\View\{closure}()
 4 SYSTEMPATH\Common.php(1135): CodeIgniter\View\View->render('editiuran', [], true)
 5 APPPATH\Controllers\Iuran.php(93): view('editiuran', [...])
 6 SYSTEMPATH\CodeIgniter.php(896): App\Controllers\Iuran->editiuran('7')
 7 SYSTEMPATH\CodeIgniter.php(466): CodeIgniter\CodeIgniter->runController(Object(App\Controllers\Iuran))
 8 SYSTEMPATH\CodeIgniter.php(349): CodeIgniter\CodeIgniter->handleRequest(null, Object(Config\Cache), false)
 9 FCPATH\index.php(55): CodeIgniter\CodeIgniter->run()
10 SYSTEMPATH\Commands\Server\rewrite.php(43): require_once('FCPATH\\index.php')
CRITICAL - 2022-07-12 06:23:33 --> Trying to access array offset on value of type null
in APPPATH\Views\editiuran.php on line 8.
 1 APPPATH\Views\editiuran.php(8): CodeIgniter\Debug\Exceptions->errorHandler(2, 'Trying to access array offset on value of type null', 'APPPATH\\Views\\editiuran.php', 8)
 2 SYSTEMPATH\View\View.php(213): include('APPPATH\\Views\\editiuran.php')
 3 SYSTEMPATH\View\View.php(216): CodeIgniter\View\View->CodeIgniter\View\{closure}()
 4 SYSTEMPATH\Common.php(1135): CodeIgniter\View\View->render('editiuran', [], true)
 5 APPPATH\Controllers\Iuran.php(93): view('editiuran', [...])
 6 SYSTEMPATH\CodeIgniter.php(896): App\Controllers\Iuran->editiuran('6')
 7 SYSTEMPATH\CodeIgniter.php(466): CodeIgniter\CodeIgniter->runController(Object(App\Controllers\Iuran))
 8 SYSTEMPATH\CodeIgniter.php(349): CodeIgniter\CodeIgniter->handleRequest(null, Object(Config\Cache), false)
 9 FCPATH\index.php(55): CodeIgniter\CodeIgniter->run()
10 SYSTEMPATH\Commands\Server\rewrite.php(43): require_once('FCPATH\\index.php')
CRITICAL - 2022-07-12 06:24:23 --> Trying to access array offset on value of type null
in APPPATH\Views\editiuran.php on line 8.
 1 APPPATH\Views\editiuran.php(8): CodeIgniter\Debug\Exceptions->errorHandler(2, 'Trying to access array offset on value of type null', 'APPPATH\\Views\\editiuran.php', 8)
 2 SYSTEMPATH\View\View.php(213): include('APPPATH\\Views\\editiuran.php')
 3 SYSTEMPATH\View\View.php(216): CodeIgniter\View\View->CodeIgniter\View\{closure}()
 4 SYSTEMPATH\Common.php(1135): CodeIgniter\View\View->render('editiuran', [], true)
 5 APPPATH\Controllers\Iuran.php(93): view('editiuran', [...])
 6 SYSTEMPATH\CodeIgniter.php(896): App\Controllers\Iuran->editiuran('6')
 7 SYSTEMPATH\CodeIgniter.php(466): CodeIgniter\CodeIgniter->runController(Object(App\Controllers\Iuran))
 8 SYSTEMPATH\CodeIgniter.php(349): CodeIgniter\CodeIgniter->handleRequest(null, Object(Config\Cache), false)
 9 FCPATH\index.php(55): CodeIgniter\CodeIgniter->run()
10 SYSTEMPATH\Commands\Server\rewrite.php(43): require_once('FCPATH\\index.php')
CRITICAL - 2022-07-12 06:25:27 --> Trying to access array offset on value of type null
in APPPATH\Views\editiuran.php on line 16.
 1 APPPATH\Views\editiuran.php(16): CodeIgniter\Debug\Exceptions->errorHandler(2, 'Trying to access array offset on value of type null', 'APPPATH\\Views\\editiuran.php', 16)
 2 SYSTEMPATH\View\View.php(213): include('APPPATH\\Views\\editiuran.php')
 3 SYSTEMPATH\View\View.php(216): CodeIgniter\View\View->CodeIgniter\View\{closure}()
 4 SYSTEMPATH\Common.php(1135): CodeIgniter\View\View->render('editiuran', [], true)
 5 APPPATH\Controllers\Iuran.php(93): view('editiuran', [...])
 6 SYSTEMPATH\CodeIgniter.php(896): App\Controllers\Iuran->editiuran('6')
 7 SYSTEMPATH\CodeIgniter.php(466): CodeIgniter\CodeIgniter->runController(Object(App\Controllers\Iuran))
 8 SYSTEMPATH\CodeIgniter.php(349): CodeIgniter\CodeIgniter->handleRequest(null, Object(Config\Cache), false)
 9 FCPATH\index.php(55): CodeIgniter\CodeIgniter->run()
10 SYSTEMPATH\Commands\Server\rewrite.php(43): require_once('FCPATH\\index.php')
CRITICAL - 2022-07-12 06:26:29 --> Trying to access array offset on value of type null
in APPPATH\Views\editiuran.php on line 8.
 1 APPPATH\Views\editiuran.php(8): CodeIgniter\Debug\Exceptions->errorHandler(2, 'Trying to access array offset on value of type null', 'APPPATH\\Views\\editiuran.php', 8)
 2 SYSTEMPATH\View\View.php(213): include('APPPATH\\Views\\editiuran.php')
 3 SYSTEMPATH\View\View.php(216): CodeIgniter\View\View->CodeIgniter\View\{closure}()
 4 SYSTEMPATH\Common.php(1135): CodeIgniter\View\View->render('editiuran', [], true)
 5 APPPATH\Controllers\Iuran.php(93): view('editiuran', [...])
 6 SYSTEMPATH\CodeIgniter.php(896): App\Controllers\Iuran->editiuran('6')
 7 SYSTEMPATH\CodeIgniter.php(466): CodeIgniter\CodeIgniter->runController(Object(App\Controllers\Iuran))
 8 SYSTEMPATH\CodeIgniter.php(349): CodeIgniter\CodeIgniter->handleRequest(null, Object(Config\Cache), false)
 9 FCPATH\index.php(55): CodeIgniter\CodeIgniter->run()
10 SYSTEMPATH\Commands\Server\rewrite.php(43): require_once('FCPATH\\index.php')
CRITICAL - 2022-07-12 06:29:48 --> Trying to access array offset on value of type null
in APPPATH\Views\editiuran.php on line 8.
 1 APPPATH\Views\editiuran.php(8): CodeIgniter\Debug\Exceptions->errorHandler(2, 'Trying to access array offset on value of type null', 'APPPATH\\Views\\editiuran.php', 8)
 2 SYSTEMPATH\View\View.php(213): include('APPPATH\\Views\\editiuran.php')
 3 SYSTEMPATH\View\View.php(216): CodeIgniter\View\View->CodeIgniter\View\{closure}()
 4 SYSTEMPATH\Common.php(1135): CodeIgniter\View\View->render('editiuran', [], true)
 5 APPPATH\Controllers\Iuran.php(93): view('editiuran', [...])
 6 SYSTEMPATH\CodeIgniter.php(896): App\Controllers\Iuran->editiuran('6')
 7 SYSTEMPATH\CodeIgniter.php(466): CodeIgniter\CodeIgniter->runController(Object(App\Controllers\Iuran))
 8 SYSTEMPATH\CodeIgniter.php(349): CodeIgniter\CodeIgniter->handleRequest(null, Object(Config\Cache), false)
 9 FCPATH\index.php(55): CodeIgniter\CodeIgniter->run()
10 SYSTEMPATH\Commands\Server\rewrite.php(43): require_once('FCPATH\\index.php')
CRITICAL - 2022-07-12 06:30:34 --> Trying to access array offset on value of type null
in APPPATH\Views\editiuran.php on line 14.
 1 APPPATH\Views\editiuran.php(14): CodeIgniter\Debug\Exceptions->errorHandler(2, 'Trying to access array offset on value of type null', 'APPPATH\\Views\\editiuran.php', 14)
 2 SYSTEMPATH\View\View.php(213): include('APPPATH\\Views\\editiuran.php')
 3 SYSTEMPATH\View\View.php(216): CodeIgniter\View\View->CodeIgniter\View\{closure}()
 4 SYSTEMPATH\Common.php(1135): CodeIgniter\View\View->render('editiuran', [], true)
 5 APPPATH\Controllers\Iuran.php(93): view('editiuran', [...])
 6 SYSTEMPATH\CodeIgniter.php(896): App\Controllers\Iuran->editiuran('6')
 7 SYSTEMPATH\CodeIgniter.php(466): CodeIgniter\CodeIgniter->runController(Object(App\Controllers\Iuran))
 8 SYSTEMPATH\CodeIgniter.php(349): CodeIgniter\CodeIgniter->handleRequest(null, Object(Config\Cache), false)
 9 FCPATH\index.php(55): CodeIgniter\CodeIgniter->run()
10 SYSTEMPATH\Commands\Server\rewrite.php(43): require_once('FCPATH\\index.php')
CRITICAL - 2022-07-12 06:31:45 --> Trying to access array offset on value of type null
in APPPATH\Views\editiuran.php on line 8.
 1 APPPATH\Views\editiuran.php(8): CodeIgniter\Debug\Exceptions->errorHandler(2, 'Trying to access array offset on value of type null', 'APPPATH\\Views\\editiuran.php', 8)
 2 SYSTEMPATH\View\View.php(213): include('APPPATH\\Views\\editiuran.php')
 3 SYSTEMPATH\View\View.php(216): CodeIgniter\View\View->CodeIgniter\View\{closure}()
 4 SYSTEMPATH\Common.php(1135): CodeIgniter\View\View->render('editiuran', [], true)
 5 APPPATH\Controllers\Iuran.php(93): view('editiuran', [...])
 6 SYSTEMPATH\CodeIgniter.php(896): App\Controllers\Iuran->editiuran('6')
 7 SYSTEMPATH\CodeIgniter.php(466): CodeIgniter\CodeIgniter->runController(Object(App\Controllers\Iuran))
 8 SYSTEMPATH\CodeIgniter.php(349): CodeIgniter\CodeIgniter->handleRequest(null, Object(Config\Cache), false)
 9 FCPATH\index.php(55): CodeIgniter\CodeIgniter->run()
10 SYSTEMPATH\Commands\Server\rewrite.php(43): require_once('FCPATH\\index.php')
CRITICAL - 2022-07-12 06:33:40 --> syntax error, unexpected token "foreach"
in APPPATH\Views\editiuran.php on line 6.
 1 SYSTEMPATH\View\View.php(216): CodeIgniter\View\View->CodeIgniter\View\{closure}()
 2 SYSTEMPATH\Common.php(1135): CodeIgniter\View\View->render('editiuran', [], true)
 3 APPPATH\Controllers\Iuran.php(93): view('editiuran', [...])
 4 SYSTEMPATH\CodeIgniter.php(896): App\Controllers\Iuran->editiuran('6')
 5 SYSTEMPATH\CodeIgniter.php(466): CodeIgniter\CodeIgniter->runController(Object(App\Controllers\Iuran))
 6 SYSTEMPATH\CodeIgniter.php(349): CodeIgniter\CodeIgniter->handleRequest(null, Object(Config\Cache), false)
 7 FCPATH\index.php(55): CodeIgniter\CodeIgniter->run()
 8 SYSTEMPATH\Commands\Server\rewrite.php(43): require_once('FCPATH\\index.php')
CRITICAL - 2022-07-12 06:34:09 --> Trying to access array offset on value of type null
in APPPATH\Views\editiuran.php on line 8.
 1 APPPATH\Views\editiuran.php(8): CodeIgniter\Debug\Exceptions->errorHandler(2, 'Trying to access array offset on value of type null', 'APPPATH\\Views\\editiuran.php', 8)
 2 SYSTEMPATH\View\View.php(213): include('APPPATH\\Views\\editiuran.php')
 3 SYSTEMPATH\View\View.php(216): CodeIgniter\View\View->CodeIgniter\View\{closure}()
 4 SYSTEMPATH\Common.php(1135): CodeIgniter\View\View->render('editiuran', [], true)
 5 APPPATH\Controllers\Iuran.php(93): view('editiuran', [...])
 6 SYSTEMPATH\CodeIgniter.php(896): App\Controllers\Iuran->editiuran('6')
 7 SYSTEMPATH\CodeIgniter.php(466): CodeIgniter\CodeIgniter->runController(Object(App\Controllers\Iuran))
 8 SYSTEMPATH\CodeIgniter.php(349): CodeIgniter\CodeIgniter->handleRequest(null, Object(Config\Cache), false)
 9 FCPATH\index.php(55): CodeIgniter\CodeIgniter->run()
10 SYSTEMPATH\Commands\Server\rewrite.php(43): require_once('FCPATH\\index.php')
CRITICAL - 2022-07-12 06:35:01 --> Trying to access array offset on value of type null
in APPPATH\Views\editiuran.php on line 8.
 1 APPPATH\Views\editiuran.php(8): CodeIgniter\Debug\Exceptions->errorHandler(2, 'Trying to access array offset on value of type null', 'APPPATH\\Views\\editiuran.php', 8)
 2 SYSTEMPATH\View\View.php(213): include('APPPATH\\Views\\editiuran.php')
 3 SYSTEMPATH\View\View.php(216): CodeIgniter\View\View->CodeIgniter\View\{closure}()
 4 SYSTEMPATH\Common.php(1135): CodeIgniter\View\View->render('editiuran', [], true)
 5 APPPATH\Controllers\Iuran.php(93): view('editiuran', [...])
 6 SYSTEMPATH\CodeIgniter.php(896): App\Controllers\Iuran->editiuran('6')
 7 SYSTEMPATH\CodeIgniter.php(466): CodeIgniter\CodeIgniter->runController(Object(App\Controllers\Iuran))
 8 SYSTEMPATH\CodeIgniter.php(349): CodeIgniter\CodeIgniter->handleRequest(null, Object(Config\Cache), false)
 9 FCPATH\index.php(55): CodeIgniter\CodeIgniter->run()
10 SYSTEMPATH\Commands\Server\rewrite.php(43): require_once('FCPATH\\index.php')
CRITICAL - 2022-07-12 06:35:27 --> Trying to access array offset on value of type null
in APPPATH\Views\editiuran.php on line 15.
 1 APPPATH\Views\editiuran.php(15): CodeIgniter\Debug\Exceptions->errorHandler(2, 'Trying to access array offset on value of type null', 'APPPATH\\Views\\editiuran.php', 15)
 2 SYSTEMPATH\View\View.php(213): include('APPPATH\\Views\\editiuran.php')
 3 SYSTEMPATH\View\View.php(216): CodeIgniter\View\View->CodeIgniter\View\{closure}()
 4 SYSTEMPATH\Common.php(1135): CodeIgniter\View\View->render('editiuran', [], true)
 5 APPPATH\Controllers\Iuran.php(93): view('editiuran', [...])
 6 SYSTEMPATH\CodeIgniter.php(896): App\Controllers\Iuran->editiuran('6')
 7 SYSTEMPATH\CodeIgniter.php(466): CodeIgniter\CodeIgniter->runController(Object(App\Controllers\Iuran))
 8 SYSTEMPATH\CodeIgniter.php(349): CodeIgniter\CodeIgniter->handleRequest(null, Object(Config\Cache), false)
 9 FCPATH\index.php(55): CodeIgniter\CodeIgniter->run()
10 SYSTEMPATH\Commands\Server\rewrite.php(43): require_once('FCPATH\\index.php')
CRITICAL - 2022-07-12 06:36:50 --> Trying to access array offset on value of type null
in APPPATH\Views\editiuran.php on line 8.
 1 APPPATH\Views\editiuran.php(8): CodeIgniter\Debug\Exceptions->errorHandler(2, 'Trying to access array offset on value of type null', 'APPPATH\\Views\\editiuran.php', 8)
 2 SYSTEMPATH\View\View.php(213): include('APPPATH\\Views\\editiuran.php')
 3 SYSTEMPATH\View\View.php(216): CodeIgniter\View\View->CodeIgniter\View\{closure}()
 4 SYSTEMPATH\Common.php(1135): CodeIgniter\View\View->render('editiuran', [], true)
 5 APPPATH\Controllers\Iuran.php(93): view('editiuran', [...])
 6 SYSTEMPATH\CodeIgniter.php(896): App\Controllers\Iuran->editiuran('6')
 7 SYSTEMPATH\CodeIgniter.php(466): CodeIgniter\CodeIgniter->runController(Object(App\Controllers\Iuran))
 8 SYSTEMPATH\CodeIgniter.php(349): CodeIgniter\CodeIgniter->handleRequest(null, Object(Config\Cache), false)
 9 FCPATH\index.php(55): CodeIgniter\CodeIgniter->run()
10 SYSTEMPATH\Commands\Server\rewrite.php(43): require_once('FCPATH\\index.php')
CRITICAL - 2022-07-12 06:37:25 --> Trying to access array offset on value of type null
in APPPATH\Views\editiuran.php on line 8.
 1 APPPATH\Views\editiuran.php(8): CodeIgniter\Debug\Exceptions->errorHandler(2, 'Trying to access array offset on value of type null', 'APPPATH\\Views\\editiuran.php', 8)
 2 SYSTEMPATH\View\View.php(213): include('APPPATH\\Views\\editiuran.php')
 3 SYSTEMPATH\View\View.php(216): CodeIgniter\View\View->CodeIgniter\View\{closure}()
 4 SYSTEMPATH\Common.php(1135): CodeIgniter\View\View->render('editiuran', [], true)
 5 APPPATH\Controllers\Iuran.php(93): view('editiuran', [...])
 6 SYSTEMPATH\CodeIgniter.php(896): App\Controllers\Iuran->editiuran('6')
 7 SYSTEMPATH\CodeIgniter.php(466): CodeIgniter\CodeIgniter->runController(Object(App\Controllers\Iuran))
 8 SYSTEMPATH\CodeIgniter.php(349): CodeIgniter\CodeIgniter->handleRequest(null, Object(Config\Cache), false)
 9 FCPATH\index.php(55): CodeIgniter\CodeIgniter->run()
10 SYSTEMPATH\Commands\Server\rewrite.php(43): require_once('FCPATH\\index.php')
CRITICAL - 2022-07-12 06:37:50 --> Undefined constant "tanggal"
in APPPATH\Views\editiuran.php on line 8.
 1 SYSTEMPATH\View\View.php(213): include()
 2 SYSTEMPATH\View\View.php(216): CodeIgniter\View\View->CodeIgniter\View\{closure}()
 3 SYSTEMPATH\Common.php(1135): CodeIgniter\View\View->render('editiuran', [], true)
 4 APPPATH\Controllers\Iuran.php(93): view('editiuran', [...])
 5 SYSTEMPATH\CodeIgniter.php(896): App\Controllers\Iuran->editiuran('6')
 6 SYSTEMPATH\CodeIgniter.php(466): CodeIgniter\CodeIgniter->runController(Object(App\Controllers\Iuran))
 7 SYSTEMPATH\CodeIgniter.php(349): CodeIgniter\CodeIgniter->handleRequest(null, Object(Config\Cache), false)
 8 FCPATH\index.php(55): CodeIgniter\CodeIgniter->run()
 9 SYSTEMPATH\Commands\Server\rewrite.php(43): require_once('FCPATH\\index.php')
CRITICAL - 2022-07-12 06:38:03 --> Trying to access array offset on value of type null
in APPPATH\Views\editiuran.php on line 8.
 1 APPPATH\Views\editiuran.php(8): CodeIgniter\Debug\Exceptions->errorHandler(2, 'Trying to access array offset on value of type null', 'APPPATH\\Views\\editiuran.php', 8)
 2 SYSTEMPATH\View\View.php(213): include('APPPATH\\Views\\editiuran.php')
 3 SYSTEMPATH\View\View.php(216): CodeIgniter\View\View->CodeIgniter\View\{closure}()
 4 SYSTEMPATH\Common.php(1135): CodeIgniter\View\View->render('editiuran', [], true)
 5 APPPATH\Controllers\Iuran.php(93): view('editiuran', [...])
 6 SYSTEMPATH\CodeIgniter.php(896): App\Controllers\Iuran->editiuran('6')
 7 SYSTEMPATH\CodeIgniter.php(466): CodeIgniter\CodeIgniter->runController(Object(App\Controllers\Iuran))
 8 SYSTEMPATH\CodeIgniter.php(349): CodeIgniter\CodeIgniter->handleRequest(null, Object(Config\Cache), false)
 9 FCPATH\index.php(55): CodeIgniter\CodeIgniter->run()
10 SYSTEMPATH\Commands\Server\rewrite.php(43): require_once('FCPATH\\index.php')
CRITICAL - 2022-07-12 06:39:31 --> Trying to access array offset on value of type null
in APPPATH\Views\editiuran.php on line 8.
 1 APPPATH\Views\editiuran.php(8): CodeIgniter\Debug\Exceptions->errorHandler(2, 'Trying to access array offset on value of type null', 'APPPATH\\Views\\editiuran.php', 8)
 2 SYSTEMPATH\View\View.php(213): include('APPPATH\\Views\\editiuran.php')
 3 SYSTEMPATH\View\View.php(216): CodeIgniter\View\View->CodeIgniter\View\{closure}()
 4 SYSTEMPATH\Common.php(1135): CodeIgniter\View\View->render('editiuran', [], true)
 5 APPPATH\Controllers\Iuran.php(93): view('editiuran', [...])
 6 SYSTEMPATH\CodeIgniter.php(896): App\Controllers\Iuran->editiuran('6')
 7 SYSTEMPATH\CodeIgniter.php(466): CodeIgniter\CodeIgniter->runController(Object(App\Controllers\Iuran))
 8 SYSTEMPATH\CodeIgniter.php(349): CodeIgniter\CodeIgniter->handleRequest(null, Object(Config\Cache), false)
 9 FCPATH\index.php(55): CodeIgniter\CodeIgniter->run()
10 SYSTEMPATH\Commands\Server\rewrite.php(43): require_once('FCPATH\\index.php')
CRITICAL - 2022-07-12 06:43:08 --> foreach() argument must be of type array|object, null given
in APPPATH\Views\editiuran.php on line 6.
 1 APPPATH\Views\editiuran.php(6): CodeIgniter\Debug\Exceptions->errorHandler(2, 'foreach() argument must be of type array|object, null given', 'APPPATH\\Views\\editiuran.php', 6)
 2 SYSTEMPATH\View\View.php(213): include('APPPATH\\Views\\editiuran.php')
 3 SYSTEMPATH\View\View.php(216): CodeIgniter\View\View->CodeIgniter\View\{closure}()
 4 SYSTEMPATH\Common.php(1135): CodeIgniter\View\View->render('editiuran', [], true)
 5 APPPATH\Controllers\Iuran.php(90): view('editiuran', [...])
 6 SYSTEMPATH\CodeIgniter.php(896): App\Controllers\Iuran->editiuran('6')
 7 SYSTEMPATH\CodeIgniter.php(466): CodeIgniter\CodeIgniter->runController(Object(App\Controllers\Iuran))
 8 SYSTEMPATH\CodeIgniter.php(349): CodeIgniter\CodeIgniter->handleRequest(null, Object(Config\Cache), false)
 9 FCPATH\index.php(55): CodeIgniter\CodeIgniter->run()
10 SYSTEMPATH\Commands\Server\rewrite.php(43): require_once('FCPATH\\index.php')
CRITICAL - 2022-07-12 06:43:48 --> Undefined variable $iuran
in APPPATH\Views\editiuran.php on line 6.
 1 APPPATH\Views\editiuran.php(6): CodeIgniter\Debug\Exceptions->errorHandler(2, 'Undefined variable $iuran', 'APPPATH\\Views\\editiuran.php', 6)
 2 SYSTEMPATH\View\View.php(213): include('APPPATH\\Views\\editiuran.php')
 3 SYSTEMPATH\View\View.php(216): CodeIgniter\View\View->CodeIgniter\View\{closure}()
 4 SYSTEMPATH\Common.php(1135): CodeIgniter\View\View->render('editiuran', [], true)
 5 APPPATH\Controllers\Iuran.php(93): view('editiuran', [...])
 6 SYSTEMPATH\CodeIgniter.php(896): App\Controllers\Iuran->editiuran('6')
 7 SYSTEMPATH\CodeIgniter.php(466): CodeIgniter\CodeIgniter->runController(Object(App\Controllers\Iuran))
 8 SYSTEMPATH\CodeIgniter.php(349): CodeIgniter\CodeIgniter->handleRequest(null, Object(Config\Cache), false)
 9 FCPATH\index.php(55): CodeIgniter\CodeIgniter->run()
10 SYSTEMPATH\Commands\Server\rewrite.php(43): require_once('FCPATH\\index.php')
CRITICAL - 2022-07-12 06:44:15 --> Trying to access array offset on value of type null
in APPPATH\Views\editiuran.php on line 8.
 1 APPPATH\Views\editiuran.php(8): CodeIgniter\Debug\Exceptions->errorHandler(2, 'Trying to access array offset on value of type null', 'APPPATH\\Views\\editiuran.php', 8)
 2 SYSTEMPATH\View\View.php(213): include('APPPATH\\Views\\editiuran.php')
 3 SYSTEMPATH\View\View.php(216): CodeIgniter\View\View->CodeIgniter\View\{closure}()
 4 SYSTEMPATH\Common.php(1135): CodeIgniter\View\View->render('editiuran', [], true)
 5 APPPATH\Controllers\Iuran.php(93): view('editiuran', [...])
 6 SYSTEMPATH\CodeIgniter.php(896): App\Controllers\Iuran->editiuran('6')
 7 SYSTEMPATH\CodeIgniter.php(466): CodeIgniter\CodeIgniter->runController(Object(App\Controllers\Iuran))
 8 SYSTEMPATH\CodeIgniter.php(349): CodeIgniter\CodeIgniter->handleRequest(null, Object(Config\Cache), false)
 9 FCPATH\index.php(55): CodeIgniter\CodeIgniter->run()
10 SYSTEMPATH\Commands\Server\rewrite.php(43): require_once('FCPATH\\index.php')
CRITICAL - 2022-07-12 06:45:40 --> Trying to access array offset on value of type null
in APPPATH\Views\editiuran.php on line 8.
 1 APPPATH\Views\editiuran.php(8): CodeIgniter\Debug\Exceptions->errorHandler(2, 'Trying to access array offset on value of type null', 'APPPATH\\Views\\editiuran.php', 8)
 2 SYSTEMPATH\View\View.php(213): include('APPPATH\\Views\\editiuran.php')
 3 SYSTEMPATH\View\View.php(216): CodeIgniter\View\View->CodeIgniter\View\{closure}()
 4 SYSTEMPATH\Common.php(1135): CodeIgniter\View\View->render('editiuran', [], true)
 5 APPPATH\Controllers\Iuran.php(93): view('editiuran', [...])
 6 SYSTEMPATH\CodeIgniter.php(896): App\Controllers\Iuran->editiuran('6')
 7 SYSTEMPATH\CodeIgniter.php(466): CodeIgniter\CodeIgniter->runController(Object(App\Controllers\Iuran))
 8 SYSTEMPATH\CodeIgniter.php(349): CodeIgniter\CodeIgniter->handleRequest(null, Object(Config\Cache), false)
 9 FCPATH\index.php(55): CodeIgniter\CodeIgniter->run()
10 SYSTEMPATH\Commands\Server\rewrite.php(43): require_once('FCPATH\\index.php')
CRITICAL - 2022-07-12 06:46:44 --> Trying to access array offset on value of type null
in APPPATH\Views\editiuran.php on line 9.
 1 APPPATH\Views\editiuran.php(9): CodeIgniter\Debug\Exceptions->errorHandler(2, 'Trying to access array offset on value of type null', 'APPPATH\\Views\\editiuran.php', 9)
 2 SYSTEMPATH\View\View.php(213): include('APPPATH\\Views\\editiuran.php')
 3 SYSTEMPATH\View\View.php(216): CodeIgniter\View\View->CodeIgniter\View\{closure}()
 4 SYSTEMPATH\Common.php(1135): CodeIgniter\View\View->render('editiuran', [], true)
 5 APPPATH\Controllers\Iuran.php(93): view('editiuran', [...])
 6 SYSTEMPATH\CodeIgniter.php(896): App\Controllers\Iuran->editiuran('6')
 7 SYSTEMPATH\CodeIgniter.php(466): CodeIgniter\CodeIgniter->runController(Object(App\Controllers\Iuran))
 8 SYSTEMPATH\CodeIgniter.php(349): CodeIgniter\CodeIgniter->handleRequest(null, Object(Config\Cache), false)
 9 FCPATH\index.php(55): CodeIgniter\CodeIgniter->run()
10 SYSTEMPATH\Commands\Server\rewrite.php(43): require_once('FCPATH\\index.php')
CRITICAL - 2022-07-12 06:47:17 --> Trying to access array offset on value of type null
in APPPATH\Views\editiuran.php on line 32.
 1 APPPATH\Views\editiuran.php(32): CodeIgniter\Debug\Exceptions->errorHandler(2, 'Trying to access array offset on value of type null', 'APPPATH\\Views\\editiuran.php', 32)
 2 SYSTEMPATH\View\View.php(213): include('APPPATH\\Views\\editiuran.php')
 3 SYSTEMPATH\View\View.php(216): CodeIgniter\View\View->CodeIgniter\View\{closure}()
 4 SYSTEMPATH\Common.php(1135): CodeIgniter\View\View->render('editiuran', [], true)
 5 APPPATH\Controllers\Iuran.php(93): view('editiuran', [...])
 6 SYSTEMPATH\CodeIgniter.php(896): App\Controllers\Iuran->editiuran('6')
 7 SYSTEMPATH\CodeIgniter.php(466): CodeIgniter\CodeIgniter->runController(Object(App\Controllers\Iuran))
 8 SYSTEMPATH\CodeIgniter.php(349): CodeIgniter\CodeIgniter->handleRequest(null, Object(Config\Cache), false)
 9 FCPATH\index.php(55): CodeIgniter\CodeIgniter->run()
10 SYSTEMPATH\Commands\Server\rewrite.php(43): require_once('FCPATH\\index.php')
CRITICAL - 2022-07-12 06:47:45 --> Trying to access array offset on value of type null
in APPPATH\Views\editiuran.php on line 36.
 1 APPPATH\Views\editiuran.php(36): CodeIgniter\Debug\Exceptions->errorHandler(2, 'Trying to access array offset on value of type null', 'APPPATH\\Views\\editiuran.php', 36)
 2 SYSTEMPATH\View\View.php(213): include('APPPATH\\Views\\editiuran.php')
 3 SYSTEMPATH\View\View.php(216): CodeIgniter\View\View->CodeIgniter\View\{closure}()
 4 SYSTEMPATH\Common.php(1135): CodeIgniter\View\View->render('editiuran', [], true)
 5 APPPATH\Controllers\Iuran.php(93): view('editiuran', [...])
 6 SYSTEMPATH\CodeIgniter.php(896): App\Controllers\Iuran->editiuran('6')
 7 SYSTEMPATH\CodeIgniter.php(466): CodeIgniter\CodeIgniter->runController(Object(App\Controllers\Iuran))
 8 SYSTEMPATH\CodeIgniter.php(349): CodeIgniter\CodeIgniter->handleRequest(null, Object(Config\Cache), false)
 9 FCPATH\index.php(55): CodeIgniter\CodeIgniter->run()
10 SYSTEMPATH\Commands\Server\rewrite.php(43): require_once('FCPATH\\index.php')
CRITICAL - 2022-07-12 06:48:10 --> Trying to access array offset on value of type null
in APPPATH\Views\editiuran.php on line 48.
 1 APPPATH\Views\editiuran.php(48): CodeIgniter\Debug\Exceptions->errorHandler(2, 'Trying to access array offset on value of type null', 'APPPATH\\Views\\editiuran.php', 48)
 2 SYSTEMPATH\View\View.php(213): include('APPPATH\\Views\\editiuran.php')
 3 SYSTEMPATH\View\View.php(216): CodeIgniter\View\View->CodeIgniter\View\{closure}()
 4 SYSTEMPATH\Common.php(1135): CodeIgniter\View\View->render('editiuran', [], true)
 5 APPPATH\Controllers\Iuran.php(93): view('editiuran', [...])
 6 SYSTEMPATH\CodeIgniter.php(896): App\Controllers\Iuran->editiuran('6')
 7 SYSTEMPATH\CodeIgniter.php(466): CodeIgniter\CodeIgniter->runController(Object(App\Controllers\Iuran))
 8 SYSTEMPATH\CodeIgniter.php(349): CodeIgniter\CodeIgniter->handleRequest(null, Object(Config\Cache), false)
 9 FCPATH\index.php(55): CodeIgniter\CodeIgniter->run()
10 SYSTEMPATH\Commands\Server\rewrite.php(43): require_once('FCPATH\\index.php')
CRITICAL - 2022-07-12 06:48:29 --> Trying to access array offset on value of type null
in APPPATH\Views\editiuran.php on line 54.
 1 APPPATH\Views\editiuran.php(54): CodeIgniter\Debug\Exceptions->errorHandler(2, 'Trying to access array offset on value of type null', 'APPPATH\\Views\\editiuran.php', 54)
 2 SYSTEMPATH\View\View.php(213): include('APPPATH\\Views\\editiuran.php')
 3 SYSTEMPATH\View\View.php(216): CodeIgniter\View\View->CodeIgniter\View\{closure}()
 4 SYSTEMPATH\Common.php(1135): CodeIgniter\View\View->render('editiuran', [], true)
 5 APPPATH\Controllers\Iuran.php(93): view('editiuran', [...])
 6 SYSTEMPATH\CodeIgniter.php(896): App\Controllers\Iuran->editiuran('6')
 7 SYSTEMPATH\CodeIgniter.php(466): CodeIgniter\CodeIgniter->runController(Object(App\Controllers\Iuran))
 8 SYSTEMPATH\CodeIgniter.php(349): CodeIgniter\CodeIgniter->handleRequest(null, Object(Config\Cache), false)
 9 FCPATH\index.php(55): CodeIgniter\CodeIgniter->run()
10 SYSTEMPATH\Commands\Server\rewrite.php(43): require_once('FCPATH\\index.php')
CRITICAL - 2022-07-12 06:53:38 --> Undefined variable $data
in APPPATH\Views\editiuran.php on line 30.
 1 APPPATH\Views\editiuran.php(30): CodeIgniter\Debug\Exceptions->errorHandler(2, 'Undefined variable $data', 'APPPATH\\Views\\editiuran.php', 30)
 2 SYSTEMPATH\View\View.php(213): include('APPPATH\\Views\\editiuran.php')
 3 SYSTEMPATH\View\View.php(216): CodeIgniter\View\View->CodeIgniter\View\{closure}()
 4 SYSTEMPATH\Common.php(1135): CodeIgniter\View\View->render('editiuran', [], true)
 5 APPPATH\Controllers\Iuran.php(93): view('editiuran', [...])
 6 SYSTEMPATH\CodeIgniter.php(896): App\Controllers\Iuran->editiuran('6')
 7 SYSTEMPATH\CodeIgniter.php(466): CodeIgniter\CodeIgniter->runController(Object(App\Controllers\Iuran))
 8 SYSTEMPATH\CodeIgniter.php(349): CodeIgniter\CodeIgniter->handleRequest(null, Object(Config\Cache), false)
 9 FCPATH\index.php(55): CodeIgniter\CodeIgniter->run()
10 SYSTEMPATH\Commands\Server\rewrite.php(43): require_once('FCPATH\\index.php')
CRITICAL - 2022-07-12 06:57:08 --> Class "App\Controllers\IuranModel" not found
in APPPATH\Controllers\Iuran.php on line 87.
 1 SYSTEMPATH\CodeIgniter.php(896): App\Controllers\Iuran->editiuran('6')
 2 SYSTEMPATH\CodeIgniter.php(466): CodeIgniter\CodeIgniter->runController(Object(App\Controllers\Iuran))
 3 SYSTEMPATH\CodeIgniter.php(349): CodeIgniter\CodeIgniter->handleRequest(null, Object(Config\Cache), false)
 4 FCPATH\index.php(55): CodeIgniter\CodeIgniter->run()
 5 SYSTEMPATH\Commands\Server\rewrite.php(43): require_once('FCPATH\\index.php')
CRITICAL - 2022-07-12 06:57:59 --> Trying to access array offset on value of type null
in APPPATH\Views\editiuran.php on line 32.
 1 APPPATH\Views\editiuran.php(32): CodeIgniter\Debug\Exceptions->errorHandler(2, 'Trying to access array offset on value of type null', 'APPPATH\\Views\\editiuran.php', 32)
 2 SYSTEMPATH\View\View.php(213): include('APPPATH\\Views\\editiuran.php')
 3 SYSTEMPATH\View\View.php(216): CodeIgniter\View\View->CodeIgniter\View\{closure}()
 4 SYSTEMPATH\Common.php(1135): CodeIgniter\View\View->render('editiuran', [], true)
 5 APPPATH\Controllers\Iuran.php(93): view('editiuran', [...])
 6 SYSTEMPATH\CodeIgniter.php(896): App\Controllers\Iuran->editiuran('6')
 7 SYSTEMPATH\CodeIgniter.php(466): CodeIgniter\CodeIgniter->runController(Object(App\Controllers\Iuran))
 8 SYSTEMPATH\CodeIgniter.php(349): CodeIgniter\CodeIgniter->handleRequest(null, Object(Config\Cache), false)
 9 FCPATH\index.php(55): CodeIgniter\CodeIgniter->run()
10 SYSTEMPATH\Commands\Server\rewrite.php(43): require_once('FCPATH\\index.php')
CRITICAL - 2022-07-12 06:59:53 --> Undefined variable $dataiuran
in APPPATH\Views\editiuran.php on line 6.
 1 APPPATH\Views\editiuran.php(6): CodeIgniter\Debug\Exceptions->errorHandler(2, 'Undefined variable $dataiuran', 'APPPATH\\Views\\editiuran.php', 6)
 2 SYSTEMPATH\View\View.php(213): include('APPPATH\\Views\\editiuran.php')
 3 SYSTEMPATH\View\View.php(216): CodeIgniter\View\View->CodeIgniter\View\{closure}()
 4 SYSTEMPATH\Common.php(1135): CodeIgniter\View\View->render('editiuran', [], true)
 5 APPPATH\Controllers\Iuran.php(93): view('editiuran', [...])
 6 SYSTEMPATH\CodeIgniter.php(896): App\Controllers\Iuran->editiuran('6')
 7 SYSTEMPATH\CodeIgniter.php(466): CodeIgniter\CodeIgniter->runController(Object(App\Controllers\Iuran))
 8 SYSTEMPATH\CodeIgniter.php(349): CodeIgniter\CodeIgniter->handleRequest(null, Object(Config\Cache), false)
 9 FCPATH\index.php(55): CodeIgniter\CodeIgniter->run()
10 SYSTEMPATH\Commands\Server\rewrite.php(43): require_once('FCPATH\\index.php')
CRITICAL - 2022-07-12 07:00:40 --> Trying to access array offset on value of type null
in APPPATH\Views\editiuran.php on line 36.
 1 APPPATH\Views\editiuran.php(36): CodeIgniter\Debug\Exceptions->errorHandler(2, 'Trying to access array offset on value of type null', 'APPPATH\\Views\\editiuran.php', 36)
 2 SYSTEMPATH\View\View.php(213): include('APPPATH\\Views\\editiuran.php')
 3 SYSTEMPATH\View\View.php(216): CodeIgniter\View\View->CodeIgniter\View\{closure}()
 4 SYSTEMPATH\Common.php(1135): CodeIgniter\View\View->render('editiuran', [], true)
 5 APPPATH\Controllers\Iuran.php(93): view('editiuran', [...])
 6 SYSTEMPATH\CodeIgniter.php(896): App\Controllers\Iuran->editiuran('6')
 7 SYSTEMPATH\CodeIgniter.php(466): CodeIgniter\CodeIgniter->runController(Object(App\Controllers\Iuran))
 8 SYSTEMPATH\CodeIgniter.php(349): CodeIgniter\CodeIgniter->handleRequest(null, Object(Config\Cache), false)
 9 FCPATH\index.php(55): CodeIgniter\CodeIgniter->run()
10 SYSTEMPATH\Commands\Server\rewrite.php(43): require_once('FCPATH\\index.php')
CRITICAL - 2022-07-12 07:02:33 --> Trying to access array offset on value of type null
in APPPATH\Views\editiuran.php on line 36.
 1 APPPATH\Views\editiuran.php(36): CodeIgniter\Debug\Exceptions->errorHandler(2, 'Trying to access array offset on value of type null', 'APPPATH\\Views\\editiuran.php', 36)
 2 SYSTEMPATH\View\View.php(213): include('APPPATH\\Views\\editiuran.php')
 3 SYSTEMPATH\View\View.php(216): CodeIgniter\View\View->CodeIgniter\View\{closure}()
 4 SYSTEMPATH\Common.php(1135): CodeIgniter\View\View->render('editiuran', [], true)
 5 APPPATH\Controllers\Iuran.php(93): view('editiuran', [...])
 6 SYSTEMPATH\CodeIgniter.php(896): App\Controllers\Iuran->editiuran('6')
 7 SYSTEMPATH\CodeIgniter.php(466): CodeIgniter\CodeIgniter->runController(Object(App\Controllers\Iuran))
 8 SYSTEMPATH\CodeIgniter.php(349): CodeIgniter\CodeIgniter->handleRequest(null, Object(Config\Cache), false)
 9 FCPATH\index.php(55): CodeIgniter\CodeIgniter->run()
10 SYSTEMPATH\Commands\Server\rewrite.php(43): require_once('FCPATH\\index.php')
CRITICAL - 2022-07-12 07:04:57 --> Undefined variable $data
in APPPATH\Views\editiuran.php on line 6.
 1 APPPATH\Views\editiuran.php(6): CodeIgniter\Debug\Exceptions->errorHandler(2, 'Undefined variable $data', 'APPPATH\\Views\\editiuran.php', 6)
 2 SYSTEMPATH\View\View.php(213): include('APPPATH\\Views\\editiuran.php')
 3 SYSTEMPATH\View\View.php(216): CodeIgniter\View\View->CodeIgniter\View\{closure}()
 4 SYSTEMPATH\Common.php(1135): CodeIgniter\View\View->render('editiuran', [], true)
 5 APPPATH\Controllers\Iuran.php(93): view('editiuran', [...])
 6 SYSTEMPATH\CodeIgniter.php(896): App\Controllers\Iuran->editiuran('6')
 7 SYSTEMPATH\CodeIgniter.php(466): CodeIgniter\CodeIgniter->runController(Object(App\Controllers\Iuran))
 8 SYSTEMPATH\CodeIgniter.php(349): CodeIgniter\CodeIgniter->handleRequest(null, Object(Config\Cache), false)
 9 FCPATH\index.php(55): CodeIgniter\CodeIgniter->run()
10 SYSTEMPATH\Commands\Server\rewrite.php(43): require_once('FCPATH\\index.php')
CRITICAL - 2022-07-12 07:05:36 --> Undefined variable $iuran
in APPPATH\Views\editiuran.php on line 6.
 1 APPPATH\Views\editiuran.php(6): CodeIgniter\Debug\Exceptions->errorHandler(2, 'Undefined variable $iuran', 'APPPATH\\Views\\editiuran.php', 6)
 2 SYSTEMPATH\View\View.php(213): include('APPPATH\\Views\\editiuran.php')
 3 SYSTEMPATH\View\View.php(216): CodeIgniter\View\View->CodeIgniter\View\{closure}()
 4 SYSTEMPATH\Common.php(1135): CodeIgniter\View\View->render('editiuran', [], true)
 5 APPPATH\Controllers\Iuran.php(93): view('editiuran', [...])
 6 SYSTEMPATH\CodeIgniter.php(896): App\Controllers\Iuran->editiuran('6')
 7 SYSTEMPATH\CodeIgniter.php(466): CodeIgniter\CodeIgniter->runController(Object(App\Controllers\Iuran))
 8 SYSTEMPATH\CodeIgniter.php(349): CodeIgniter\CodeIgniter->handleRequest(null, Object(Config\Cache), false)
 9 FCPATH\index.php(55): CodeIgniter\CodeIgniter->run()
10 SYSTEMPATH\Commands\Server\rewrite.php(43): require_once('FCPATH\\index.php')
CRITICAL - 2022-07-12 07:06:06 --> Trying to access array offset on value of type null
in APPPATH\Views\editiuran.php on line 36.
 1 APPPATH\Views\editiuran.php(36): CodeIgniter\Debug\Exceptions->errorHandler(2, 'Trying to access array offset on value of type null', 'APPPATH\\Views\\editiuran.php', 36)
 2 SYSTEMPATH\View\View.php(213): include('APPPATH\\Views\\editiuran.php')
 3 SYSTEMPATH\View\View.php(216): CodeIgniter\View\View->CodeIgniter\View\{closure}()
 4 SYSTEMPATH\Common.php(1135): CodeIgniter\View\View->render('editiuran', [], true)
 5 APPPATH\Controllers\Iuran.php(93): view('editiuran', [...])
 6 SYSTEMPATH\CodeIgniter.php(896): App\Controllers\Iuran->editiuran('6')
 7 SYSTEMPATH\CodeIgniter.php(466): CodeIgniter\CodeIgniter->runController(Object(App\Controllers\Iuran))
 8 SYSTEMPATH\CodeIgniter.php(349): CodeIgniter\CodeIgniter->handleRequest(null, Object(Config\Cache), false)
 9 FCPATH\index.php(55): CodeIgniter\CodeIgniter->run()
10 SYSTEMPATH\Commands\Server\rewrite.php(43): require_once('FCPATH\\index.php')
CRITICAL - 2022-07-12 07:55:57 --> Class "App\Controllers\IuranModel" not found
in APPPATH\Controllers\Iuran.php on line 165.
 1 SYSTEMPATH\CodeIgniter.php(896): App\Controllers\Iuran->deleteiuran('7')
 2 SYSTEMPATH\CodeIgniter.php(466): CodeIgniter\CodeIgniter->runController(Object(App\Controllers\Iuran))
 3 SYSTEMPATH\CodeIgniter.php(349): CodeIgniter\CodeIgniter->handleRequest(null, Object(Config\Cache), false)
 4 FCPATH\index.php(55): CodeIgniter\CodeIgniter->run()
 5 SYSTEMPATH\Commands\Server\rewrite.php(43): require_once('FCPATH\\index.php')
