CRITICAL - 2022-07-11 06:32:45 --> syntax error, unexpected token "(", expecting identifier or variable or "{" or "$"
in APPPATH\Controllers\Warga.php on line 160.
 1 SYSTEMPATH\Autoloader\Autoloader.php(261): CodeIgniter\Autoloader\Autoloader->includeFile('APPPATH\\Controllers\\Warga.php')
 2 SYSTEMPATH\Autoloader\Autoloader.php(239): CodeIgniter\Autoloader\Autoloader->loadInNamespace('App\\Controllers\\Warga')
 3 [internal function]: CodeIgniter\Autoloader\Autoloader->loadClass('App\\Controllers\\Warga')
 4 SYSTEMPATH\CodeIgniter.php(846): class_exists('\\App\\Controllers\\Warga', true)
 5 SYSTEMPATH\CodeIgniter.php(453): CodeIgniter\CodeIgniter->startController()
 6 SYSTEMPATH\CodeIgniter.php(349): CodeIgniter\CodeIgniter->handleRequest(null, Object(Config\Cache), false)
 7 FCPATH\index.php(55): CodeIgniter\CodeIgniter->run()
 8 SYSTEMPATH\Commands\Server\rewrite.php(43): require_once('FCPATH\\index.php')
CRITICAL - 2022-07-11 06:46:43 --> Undefined constant "id"
in APPPATH\Views\editwarga.php on line 23.
 1 SYSTEMPATH\View\View.php(213): include()
 2 SYSTEMPATH\View\View.php(216): CodeIgniter\View\View->CodeIgniter\View\{closure}()
 3 SYSTEMPATH\Common.php(1135): CodeIgniter\View\View->render('editwarga', [], true)
 4 APPPATH\Controllers\Warga.php(75): view('editwarga', [...])
 5 SYSTEMPATH\CodeIgniter.php(896): App\Controllers\Warga->edit('1')
 6 SYSTEMPATH\CodeIgniter.php(466): CodeIgniter\CodeIgniter->runController(Object(App\Controllers\Warga))
 7 SYSTEMPATH\CodeIgniter.php(349): CodeIgniter\CodeIgniter->handleRequest(null, Object(Config\Cache), false)
 8 FCPATH\index.php(55): CodeIgniter\CodeIgniter->run()
 9 SYSTEMPATH\Commands\Server\rewrite.php(43): require_once('FCPATH\\index.php')
CRITICAL - 2022-07-11 06:50:01 --> <min_length is not a valid rule.
in SYSTEMPATH\Validation\Validation.php on line 314.
 1 SYSTEMPATH\Validation\Validation.php(314): CodeIgniter\Validation\Exceptions\ValidationException::forRuleNotFound('<min_length')
 2 SYSTEMPATH\Validation\Validation.php(173): CodeIgniter\Validation\Validation->processRules('nik', 'nik', '1234567', [...], [...])
 3 SYSTEMPATH\Controller.php(140): CodeIgniter\Validation\Validation->run()
 4 APPPATH\Controllers\Warga.php(89): CodeIgniter\Controller->validate([...])
 5 SYSTEMPATH\CodeIgniter.php(896): App\Controllers\Warga->update('1')
 6 SYSTEMPATH\CodeIgniter.php(466): CodeIgniter\CodeIgniter->runController(Object(App\Controllers\Warga))
 7 SYSTEMPATH\CodeIgniter.php(349): CodeIgniter\CodeIgniter->handleRequest(null, Object(Config\Cache), false)
 8 FCPATH\index.php(55): CodeIgniter\CodeIgniter->run()
 9 SYSTEMPATH\Commands\Server\rewrite.php(43): require_once('FCPATH\\index.php')
CRITICAL - 2022-07-11 06:50:21 --> <min_length is not a valid rule.
in SYSTEMPATH\Validation\Validation.php on line 314.
 1 SYSTEMPATH\Validation\Validation.php(314): CodeIgniter\Validation\Exceptions\ValidationException::forRuleNotFound('<min_length')
 2 SYSTEMPATH\Validation\Validation.php(173): CodeIgniter\Validation\Validation->processRules('nik', 'nik', '1234567', [...], [...])
 3 SYSTEMPATH\Controller.php(140): CodeIgniter\Validation\Validation->run()
 4 APPPATH\Controllers\Warga.php(89): CodeIgniter\Controller->validate([...])
 5 SYSTEMPATH\CodeIgniter.php(896): App\Controllers\Warga->update('1')
 6 SYSTEMPATH\CodeIgniter.php(466): CodeIgniter\CodeIgniter->runController(Object(App\Controllers\Warga))
 7 SYSTEMPATH\CodeIgniter.php(349): CodeIgniter\CodeIgniter->handleRequest(null, Object(Config\Cache), false)
 8 FCPATH\index.php(55): CodeIgniter\CodeIgniter->run()
 9 SYSTEMPATH\Commands\Server\rewrite.php(43): require_once('FCPATH\\index.php')
CRITICAL - 2022-07-11 06:51:50 --> <min_length is not a valid rule.
in SYSTEMPATH\Validation\Validation.php on line 314.
 1 SYSTEMPATH\Validation\Validation.php(314): CodeIgniter\Validation\Exceptions\ValidationException::forRuleNotFound('<min_length')
 2 SYSTEMPATH\Validation\Validation.php(173): CodeIgniter\Validation\Validation->processRules('nik', 'nik', '1234567', [...], [...])
 3 SYSTEMPATH\Controller.php(140): CodeIgniter\Validation\Validation->run()
 4 APPPATH\Controllers\Warga.php(89): CodeIgniter\Controller->validate([...])
 5 SYSTEMPATH\CodeIgniter.php(896): App\Controllers\Warga->update('1')
 6 SYSTEMPATH\CodeIgniter.php(466): CodeIgniter\CodeIgniter->runController(Object(App\Controllers\Warga))
 7 SYSTEMPATH\CodeIgniter.php(349): CodeIgniter\CodeIgniter->handleRequest(null, Object(Config\Cache), false)
 8 FCPATH\index.php(55): CodeIgniter\CodeIgniter->run()
 9 SYSTEMPATH\Commands\Server\rewrite.php(43): require_once('FCPATH\\index.php')
CRITICAL - 2022-07-11 06:58:24 --> <min_length is not a valid rule.
in SYSTEMPATH\Validation\Validation.php on line 314.
 1 SYSTEMPATH\Validation\Validation.php(314): CodeIgniter\Validation\Exceptions\ValidationException::forRuleNotFound('<min_length')
 2 SYSTEMPATH\Validation\Validation.php(173): CodeIgniter\Validation\Validation->processRules('nik', 'nik', '1234567', [...], [...])
 3 SYSTEMPATH\Controller.php(140): CodeIgniter\Validation\Validation->run()
 4 APPPATH\Controllers\Warga.php(89): CodeIgniter\Controller->validate([...])
 5 SYSTEMPATH\CodeIgniter.php(896): App\Controllers\Warga->update('1')
 6 SYSTEMPATH\CodeIgniter.php(466): CodeIgniter\CodeIgniter->runController(Object(App\Controllers\Warga))
 7 SYSTEMPATH\CodeIgniter.php(349): CodeIgniter\CodeIgniter->handleRequest(null, Object(Config\Cache), false)
 8 FCPATH\index.php(55): CodeIgniter\CodeIgniter->run()
 9 SYSTEMPATH\Commands\Server\rewrite.php(43): require_once('FCPATH\\index.php')
CRITICAL - 2022-07-11 06:58:34 --> <min_length is not a valid rule.
in SYSTEMPATH\Validation\Validation.php on line 314.
 1 SYSTEMPATH\Validation\Validation.php(314): CodeIgniter\Validation\Exceptions\ValidationException::forRuleNotFound('<min_length')
 2 SYSTEMPATH\Validation\Validation.php(173): CodeIgniter\Validation\Validation->processRules('nik', 'nik', '1234567', [...], [...])
 3 SYSTEMPATH\Controller.php(140): CodeIgniter\Validation\Validation->run()
 4 APPPATH\Controllers\Warga.php(89): CodeIgniter\Controller->validate([...])
 5 SYSTEMPATH\CodeIgniter.php(896): App\Controllers\Warga->update('1')
 6 SYSTEMPATH\CodeIgniter.php(466): CodeIgniter\CodeIgniter->runController(Object(App\Controllers\Warga))
 7 SYSTEMPATH\CodeIgniter.php(349): CodeIgniter\CodeIgniter->handleRequest(null, Object(Config\Cache), false)
 8 FCPATH\index.php(55): CodeIgniter\CodeIgniter->run()
 9 SYSTEMPATH\Commands\Server\rewrite.php(43): require_once('FCPATH\\index.php')
CRITICAL - 2022-07-11 07:02:18 --> <min_length is not a valid rule.
in SYSTEMPATH\Validation\Validation.php on line 314.
 1 SYSTEMPATH\Validation\Validation.php(314): CodeIgniter\Validation\Exceptions\ValidationException::forRuleNotFound('<min_length')
 2 SYSTEMPATH\Validation\Validation.php(173): CodeIgniter\Validation\Validation->processRules('nik', 'nik', '1234567890123456', [...], [...])
 3 SYSTEMPATH\Controller.php(140): CodeIgniter\Validation\Validation->run()
 4 APPPATH\Controllers\Warga.php(89): CodeIgniter\Controller->validate([...])
 5 SYSTEMPATH\CodeIgniter.php(896): App\Controllers\Warga->update('1')
 6 SYSTEMPATH\CodeIgniter.php(466): CodeIgniter\CodeIgniter->runController(Object(App\Controllers\Warga))
 7 SYSTEMPATH\CodeIgniter.php(349): CodeIgniter\CodeIgniter->handleRequest(null, Object(Config\Cache), false)
 8 FCPATH\index.php(55): CodeIgniter\CodeIgniter->run()
 9 SYSTEMPATH\Commands\Server\rewrite.php(43): require_once('FCPATH\\index.php')
CRITICAL - 2022-07-11 07:02:49 --> <min_length is not a valid rule.
in SYSTEMPATH\Validation\Validation.php on line 314.
 1 SYSTEMPATH\Validation\Validation.php(314): CodeIgniter\Validation\Exceptions\ValidationException::forRuleNotFound('<min_length')
 2 SYSTEMPATH\Validation\Validation.php(173): CodeIgniter\Validation\Validation->processRules('nik', 'nik', '123123123123123', [...], [...])
 3 SYSTEMPATH\Controller.php(140): CodeIgniter\Validation\Validation->run()
 4 APPPATH\Controllers\Warga.php(89): CodeIgniter\Controller->validate([...])
 5 SYSTEMPATH\CodeIgniter.php(896): App\Controllers\Warga->update('1')
 6 SYSTEMPATH\CodeIgniter.php(466): CodeIgniter\CodeIgniter->runController(Object(App\Controllers\Warga))
 7 SYSTEMPATH\CodeIgniter.php(349): CodeIgniter\CodeIgniter->handleRequest(null, Object(Config\Cache), false)
 8 FCPATH\index.php(55): CodeIgniter\CodeIgniter->run()
 9 SYSTEMPATH\Commands\Server\rewrite.php(43): require_once('FCPATH\\index.php')
CRITICAL - 2022-07-11 07:03:09 --> max=leght is not a valid rule.
in SYSTEMPATH\Validation\Validation.php on line 314.
 1 SYSTEMPATH\Validation\Validation.php(314): CodeIgniter\Validation\Exceptions\ValidationException::forRuleNotFound('max=leght')
 2 SYSTEMPATH\Validation\Validation.php(173): CodeIgniter\Validation\Validation->processRules('nik', 'nik', '123123123123123', [...], [...])
 3 SYSTEMPATH\Controller.php(140): CodeIgniter\Validation\Validation->run()
 4 APPPATH\Controllers\Warga.php(89): CodeIgniter\Controller->validate([...])
 5 SYSTEMPATH\CodeIgniter.php(896): App\Controllers\Warga->update('1')
 6 SYSTEMPATH\CodeIgniter.php(466): CodeIgniter\CodeIgniter->runController(Object(App\Controllers\Warga))
 7 SYSTEMPATH\CodeIgniter.php(349): CodeIgniter\CodeIgniter->handleRequest(null, Object(Config\Cache), false)
 8 FCPATH\index.php(55): CodeIgniter\CodeIgniter->run()
 9 SYSTEMPATH\Commands\Server\rewrite.php(43): require_once('FCPATH\\index.php')
CRITICAL - 2022-07-11 07:03:22 --> max=leght is not a valid rule.
in SYSTEMPATH\Validation\Validation.php on line 314.
 1 SYSTEMPATH\Validation\Validation.php(314): CodeIgniter\Validation\Exceptions\ValidationException::forRuleNotFound('max=leght')
 2 SYSTEMPATH\Validation\Validation.php(173): CodeIgniter\Validation\Validation->processRules('nik', 'nik', '1231231231', [...], [...])
 3 SYSTEMPATH\Controller.php(140): CodeIgniter\Validation\Validation->run()
 4 APPPATH\Controllers\Warga.php(89): CodeIgniter\Controller->validate([...])
 5 SYSTEMPATH\CodeIgniter.php(896): App\Controllers\Warga->update('1')
 6 SYSTEMPATH\CodeIgniter.php(466): CodeIgniter\CodeIgniter->runController(Object(App\Controllers\Warga))
 7 SYSTEMPATH\CodeIgniter.php(349): CodeIgniter\CodeIgniter->handleRequest(null, Object(Config\Cache), false)
 8 FCPATH\index.php(55): CodeIgniter\CodeIgniter->run()
 9 SYSTEMPATH\Commands\Server\rewrite.php(43): require_once('FCPATH\\index.php')
CRITICAL - 2022-07-11 07:03:41 --> max_lenght is not a valid rule.
in SYSTEMPATH\Validation\Validation.php on line 314.
 1 SYSTEMPATH\Validation\Validation.php(314): CodeIgniter\Validation\Exceptions\ValidationException::forRuleNotFound('max_lenght')
 2 SYSTEMPATH\Validation\Validation.php(173): CodeIgniter\Validation\Validation->processRules('nik', 'nik', '1231231231', [...], [...])
 3 SYSTEMPATH\Controller.php(140): CodeIgniter\Validation\Validation->run()
 4 APPPATH\Controllers\Warga.php(89): CodeIgniter\Controller->validate([...])
 5 SYSTEMPATH\CodeIgniter.php(896): App\Controllers\Warga->update('1')
 6 SYSTEMPATH\CodeIgniter.php(466): CodeIgniter\CodeIgniter->runController(Object(App\Controllers\Warga))
 7 SYSTEMPATH\CodeIgniter.php(349): CodeIgniter\CodeIgniter->handleRequest(null, Object(Config\Cache), false)
 8 FCPATH\index.php(55): CodeIgniter\CodeIgniter->run()
 9 SYSTEMPATH\Commands\Server\rewrite.php(43): require_once('FCPATH\\index.php')
CRITICAL - 2022-07-11 07:04:02 --> Undefined variable $data
in APPPATH\Views\editwarga.php on line 6.
 1 APPPATH\Views\editwarga.php(6): CodeIgniter\Debug\Exceptions->errorHandler(2, 'Undefined variable $data', 'APPPATH\\Views\\editwarga.php', 6)
 2 SYSTEMPATH\View\View.php(213): include('APPPATH\\Views\\editwarga.php')
 3 SYSTEMPATH\View\View.php(216): CodeIgniter\View\View->CodeIgniter\View\{closure}()
 4 SYSTEMPATH\Common.php(1135): CodeIgniter\View\View->render('editwarga', [], true)
 5 APPPATH\Controllers\Warga.php(131): view('editwarga', [...])
 6 SYSTEMPATH\CodeIgniter.php(896): App\Controllers\Warga->update('1')
 7 SYSTEMPATH\CodeIgniter.php(466): CodeIgniter\CodeIgniter->runController(Object(App\Controllers\Warga))
 8 SYSTEMPATH\CodeIgniter.php(349): CodeIgniter\CodeIgniter->handleRequest(null, Object(Config\Cache), false)
 9 FCPATH\index.php(55): CodeIgniter\CodeIgniter->run()
10 SYSTEMPATH\Commands\Server\rewrite.php(43): require_once('FCPATH\\index.php')
CRITICAL - 2022-07-11 07:07:48 --> Undefined variable $data
in APPPATH\Views\editwarga.php on line 6.
 1 APPPATH\Views\editwarga.php(6): CodeIgniter\Debug\Exceptions->errorHandler(2, 'Undefined variable $data', 'APPPATH\\Views\\editwarga.php', 6)
 2 SYSTEMPATH\View\View.php(213): include('APPPATH\\Views\\editwarga.php')
 3 SYSTEMPATH\View\View.php(216): CodeIgniter\View\View->CodeIgniter\View\{closure}()
 4 SYSTEMPATH\Common.php(1135): CodeIgniter\View\View->render('editwarga', [], true)
 5 APPPATH\Controllers\Warga.php(131): view('editwarga', [...])
 6 SYSTEMPATH\CodeIgniter.php(896): App\Controllers\Warga->update('1')
 7 SYSTEMPATH\CodeIgniter.php(466): CodeIgniter\CodeIgniter->runController(Object(App\Controllers\Warga))
 8 SYSTEMPATH\CodeIgniter.php(349): CodeIgniter\CodeIgniter->handleRequest(null, Object(Config\Cache), false)
 9 FCPATH\index.php(55): CodeIgniter\CodeIgniter->run()
10 SYSTEMPATH\Commands\Server\rewrite.php(43): require_once('FCPATH\\index.php')
CRITICAL - 2022-07-11 07:11:38 --> Undefined variable $data
in APPPATH\Views\editwarga.php on line 6.
 1 APPPATH\Views\editwarga.php(6): CodeIgniter\Debug\Exceptions->errorHandler(2, 'Undefined variable $data', 'APPPATH\\Views\\editwarga.php', 6)
 2 SYSTEMPATH\View\View.php(213): include('APPPATH\\Views\\editwarga.php')
 3 SYSTEMPATH\View\View.php(216): CodeIgniter\View\View->CodeIgniter\View\{closure}()
 4 SYSTEMPATH\Common.php(1135): CodeIgniter\View\View->render('editwarga', [], true)
 5 APPPATH\Controllers\Warga.php(131): view('editwarga', [...])
 6 SYSTEMPATH\CodeIgniter.php(896): App\Controllers\Warga->update('1')
 7 SYSTEMPATH\CodeIgniter.php(466): CodeIgniter\CodeIgniter->runController(Object(App\Controllers\Warga))
 8 SYSTEMPATH\CodeIgniter.php(349): CodeIgniter\CodeIgniter->handleRequest(null, Object(Config\Cache), false)
 9 FCPATH\index.php(55): CodeIgniter\CodeIgniter->run()
10 SYSTEMPATH\Commands\Server\rewrite.php(43): require_once('FCPATH\\index.php')
CRITICAL - 2022-07-11 07:13:24 --> Undefined variable $warga
in APPPATH\Views\editwarga.php on line 6.
 1 APPPATH\Views\editwarga.php(6): CodeIgniter\Debug\Exceptions->errorHandler(2, 'Undefined variable $warga', 'APPPATH\\Views\\editwarga.php', 6)
 2 SYSTEMPATH\View\View.php(213): include('APPPATH\\Views\\editwarga.php')
 3 SYSTEMPATH\View\View.php(216): CodeIgniter\View\View->CodeIgniter\View\{closure}()
 4 SYSTEMPATH\Common.php(1135): CodeIgniter\View\View->render('editwarga', [], true)
 5 APPPATH\Controllers\Warga.php(75): view('editwarga', [...])
 6 SYSTEMPATH\CodeIgniter.php(896): App\Controllers\Warga->edit('1')
 7 SYSTEMPATH\CodeIgniter.php(466): CodeIgniter\CodeIgniter->runController(Object(App\Controllers\Warga))
 8 SYSTEMPATH\CodeIgniter.php(349): CodeIgniter\CodeIgniter->handleRequest(null, Object(Config\Cache), false)
 9 FCPATH\index.php(55): CodeIgniter\CodeIgniter->run()
10 SYSTEMPATH\Commands\Server\rewrite.php(43): require_once('FCPATH\\index.php')
CRITICAL - 2022-07-11 07:13:29 --> Undefined variable $warga
in APPPATH\Views\editwarga.php on line 6.
 1 APPPATH\Views\editwarga.php(6): CodeIgniter\Debug\Exceptions->errorHandler(2, 'Undefined variable $warga', 'APPPATH\\Views\\editwarga.php', 6)
 2 SYSTEMPATH\View\View.php(213): include('APPPATH\\Views\\editwarga.php')
 3 SYSTEMPATH\View\View.php(216): CodeIgniter\View\View->CodeIgniter\View\{closure}()
 4 SYSTEMPATH\Common.php(1135): CodeIgniter\View\View->render('editwarga', [], true)
 5 APPPATH\Controllers\Warga.php(75): view('editwarga', [...])
 6 SYSTEMPATH\CodeIgniter.php(896): App\Controllers\Warga->edit('1')
 7 SYSTEMPATH\CodeIgniter.php(466): CodeIgniter\CodeIgniter->runController(Object(App\Controllers\Warga))
 8 SYSTEMPATH\CodeIgniter.php(349): CodeIgniter\CodeIgniter->handleRequest(null, Object(Config\Cache), false)
 9 FCPATH\index.php(55): CodeIgniter\CodeIgniter->run()
10 SYSTEMPATH\Commands\Server\rewrite.php(43): require_once('FCPATH\\index.php')
CRITICAL - 2022-07-11 07:14:04 --> Undefined variable $data
in APPPATH\Views\editwarga.php on line 6.
 1 APPPATH\Views\editwarga.php(6): CodeIgniter\Debug\Exceptions->errorHandler(2, 'Undefined variable $data', 'APPPATH\\Views\\editwarga.php', 6)
 2 SYSTEMPATH\View\View.php(213): include('APPPATH\\Views\\editwarga.php')
 3 SYSTEMPATH\View\View.php(216): CodeIgniter\View\View->CodeIgniter\View\{closure}()
 4 SYSTEMPATH\Common.php(1135): CodeIgniter\View\View->render('editwarga', [], true)
 5 APPPATH\Controllers\Warga.php(131): view('editwarga', [...])
 6 SYSTEMPATH\CodeIgniter.php(896): App\Controllers\Warga->update('1')
 7 SYSTEMPATH\CodeIgniter.php(466): CodeIgniter\CodeIgniter->runController(Object(App\Controllers\Warga))
 8 SYSTEMPATH\CodeIgniter.php(349): CodeIgniter\CodeIgniter->handleRequest(null, Object(Config\Cache), false)
 9 FCPATH\index.php(55): CodeIgniter\CodeIgniter->run()
10 SYSTEMPATH\Commands\Server\rewrite.php(43): require_once('FCPATH\\index.php')
CRITICAL - 2022-07-11 07:15:52 --> Undefined variable $data
in APPPATH\Views\editwarga.php on line 6.
 1 APPPATH\Views\editwarga.php(6): CodeIgniter\Debug\Exceptions->errorHandler(2, 'Undefined variable $data', 'APPPATH\\Views\\editwarga.php', 6)
 2 SYSTEMPATH\View\View.php(213): include('APPPATH\\Views\\editwarga.php')
 3 SYSTEMPATH\View\View.php(216): CodeIgniter\View\View->CodeIgniter\View\{closure}()
 4 SYSTEMPATH\Common.php(1135): CodeIgniter\View\View->render('editwarga', [], true)
 5 APPPATH\Controllers\Warga.php(130): view('editwarga', [...])
 6 SYSTEMPATH\CodeIgniter.php(896): App\Controllers\Warga->update('1')
 7 SYSTEMPATH\CodeIgniter.php(466): CodeIgniter\CodeIgniter->runController(Object(App\Controllers\Warga))
 8 SYSTEMPATH\CodeIgniter.php(349): CodeIgniter\CodeIgniter->handleRequest(null, Object(Config\Cache), false)
 9 FCPATH\index.php(55): CodeIgniter\CodeIgniter->run()
10 SYSTEMPATH\Commands\Server\rewrite.php(43): require_once('FCPATH\\index.php')
CRITICAL - 2022-07-11 07:17:10 --> Undefined variable $data
in APPPATH\Views\editwarga.php on line 6.
 1 APPPATH\Views\editwarga.php(6): CodeIgniter\Debug\Exceptions->errorHandler(2, 'Undefined variable $data', 'APPPATH\\Views\\editwarga.php', 6)
 2 SYSTEMPATH\View\View.php(213): include('APPPATH\\Views\\editwarga.php')
 3 SYSTEMPATH\View\View.php(216): CodeIgniter\View\View->CodeIgniter\View\{closure}()
 4 SYSTEMPATH\Common.php(1135): CodeIgniter\View\View->render('editwarga', [], true)
 5 APPPATH\Controllers\Warga.php(130): view('editwarga', [...])
 6 SYSTEMPATH\CodeIgniter.php(896): App\Controllers\Warga->update('1')
 7 SYSTEMPATH\CodeIgniter.php(466): CodeIgniter\CodeIgniter->runController(Object(App\Controllers\Warga))
 8 SYSTEMPATH\CodeIgniter.php(349): CodeIgniter\CodeIgniter->handleRequest(null, Object(Config\Cache), false)
 9 FCPATH\index.php(55): CodeIgniter\CodeIgniter->run()
10 SYSTEMPATH\Commands\Server\rewrite.php(43): require_once('FCPATH\\index.php')
CRITICAL - 2022-07-11 07:20:19 --> Undefined variable $data
in APPPATH\Views\editwarga.php on line 14.
 1 APPPATH\Views\editwarga.php(14): CodeIgniter\Debug\Exceptions->errorHandler(2, 'Undefined variable $data', 'APPPATH\\Views\\editwarga.php', 14)
 2 SYSTEMPATH\View\View.php(213): include('APPPATH\\Views\\editwarga.php')
 3 SYSTEMPATH\View\View.php(216): CodeIgniter\View\View->CodeIgniter\View\{closure}()
 4 SYSTEMPATH\Common.php(1135): CodeIgniter\View\View->render('editwarga', [], true)
 5 APPPATH\Controllers\Warga.php(130): view('editwarga', [...])
 6 SYSTEMPATH\CodeIgniter.php(896): App\Controllers\Warga->update('1')
 7 SYSTEMPATH\CodeIgniter.php(466): CodeIgniter\CodeIgniter->runController(Object(App\Controllers\Warga))
 8 SYSTEMPATH\CodeIgniter.php(349): CodeIgniter\CodeIgniter->handleRequest(null, Object(Config\Cache), false)
 9 FCPATH\index.php(55): CodeIgniter\CodeIgniter->run()
10 SYSTEMPATH\Commands\Server\rewrite.php(43): require_once('FCPATH\\index.php')
CRITICAL - 2022-07-11 07:20:40 --> Allowed fields must be specified for model: App\Models\ModelWarga
in SYSTEMPATH\BaseModel.php on line 1138.
 1 SYSTEMPATH\BaseModel.php(1138): CodeIgniter\Database\Exceptions\DataException::forInvalidAllowedFields('App\\Models\\ModelWarga')
 2 SYSTEMPATH\BaseModel.php(841): CodeIgniter\BaseModel->doProtectFields([...])
 3 SYSTEMPATH\Model.php(692): CodeIgniter\BaseModel->update([...], [...])
 4 APPPATH\Controllers\Warga.php(139): CodeIgniter\Model->update('1', [...])
 5 SYSTEMPATH\CodeIgniter.php(896): App\Controllers\Warga->update('1')
 6 SYSTEMPATH\CodeIgniter.php(466): CodeIgniter\CodeIgniter->runController(Object(App\Controllers\Warga))
 7 SYSTEMPATH\CodeIgniter.php(349): CodeIgniter\CodeIgniter->handleRequest(null, Object(Config\Cache), false)
 8 FCPATH\index.php(55): CodeIgniter\CodeIgniter->run()
 9 SYSTEMPATH\Commands\Server\rewrite.php(43): require_once('FCPATH\\index.php')
CRITICAL - 2022-07-11 07:24:11 --> Allowed fields must be specified for model: App\Models\ModelWarga
in SYSTEMPATH\BaseModel.php on line 1138.
 1 SYSTEMPATH\BaseModel.php(1138): CodeIgniter\Database\Exceptions\DataException::forInvalidAllowedFields('App\\Models\\ModelWarga')
 2 SYSTEMPATH\BaseModel.php(841): CodeIgniter\BaseModel->doProtectFields([...])
 3 SYSTEMPATH\Model.php(692): CodeIgniter\BaseModel->update([...], [...])
 4 APPPATH\Controllers\Warga.php(138): CodeIgniter\Model->update('1', [...])
 5 SYSTEMPATH\CodeIgniter.php(896): App\Controllers\Warga->update('1')
 6 SYSTEMPATH\CodeIgniter.php(466): CodeIgniter\CodeIgniter->runController(Object(App\Controllers\Warga))
 7 SYSTEMPATH\CodeIgniter.php(349): CodeIgniter\CodeIgniter->handleRequest(null, Object(Config\Cache), false)
 8 FCPATH\index.php(55): CodeIgniter\CodeIgniter->run()
 9 SYSTEMPATH\Commands\Server\rewrite.php(43): require_once('FCPATH\\index.php')
CRITICAL - 2022-07-11 07:24:21 --> Allowed fields must be specified for model: App\Models\ModelWarga
in SYSTEMPATH\BaseModel.php on line 1138.
 1 SYSTEMPATH\BaseModel.php(1138): CodeIgniter\Database\Exceptions\DataException::forInvalidAllowedFields('App\\Models\\ModelWarga')
 2 SYSTEMPATH\BaseModel.php(841): CodeIgniter\BaseModel->doProtectFields([...])
 3 SYSTEMPATH\Model.php(692): CodeIgniter\BaseModel->update([...], [...])
 4 APPPATH\Controllers\Warga.php(138): CodeIgniter\Model->update('1', [...])
 5 SYSTEMPATH\CodeIgniter.php(896): App\Controllers\Warga->update('1')
 6 SYSTEMPATH\CodeIgniter.php(466): CodeIgniter\CodeIgniter->runController(Object(App\Controllers\Warga))
 7 SYSTEMPATH\CodeIgniter.php(349): CodeIgniter\CodeIgniter->handleRequest(null, Object(Config\Cache), false)
 8 FCPATH\index.php(55): CodeIgniter\CodeIgniter->run()
 9 SYSTEMPATH\Commands\Server\rewrite.php(43): require_once('FCPATH\\index.php')
CRITICAL - 2022-07-11 07:25:18 --> Allowed fields must be specified for model: App\Models\ModelWarga
in SYSTEMPATH\BaseModel.php on line 1138.
 1 SYSTEMPATH\BaseModel.php(1138): CodeIgniter\Database\Exceptions\DataException::forInvalidAllowedFields('App\\Models\\ModelWarga')
 2 SYSTEMPATH\BaseModel.php(841): CodeIgniter\BaseModel->doProtectFields([...])
 3 SYSTEMPATH\Model.php(692): CodeIgniter\BaseModel->update([...], [...])
 4 APPPATH\Controllers\Warga.php(138): CodeIgniter\Model->update('1', [...])
 5 SYSTEMPATH\CodeIgniter.php(896): App\Controllers\Warga->update('1')
 6 SYSTEMPATH\CodeIgniter.php(466): CodeIgniter\CodeIgniter->runController(Object(App\Controllers\Warga))
 7 SYSTEMPATH\CodeIgniter.php(349): CodeIgniter\CodeIgniter->handleRequest(null, Object(Config\Cache), false)
 8 FCPATH\index.php(55): CodeIgniter\CodeIgniter->run()
 9 SYSTEMPATH\Commands\Server\rewrite.php(43): require_once('FCPATH\\index.php')
CRITICAL - 2022-07-11 07:25:52 --> Allowed fields must be specified for model: App\Models\ModelWarga
in SYSTEMPATH\BaseModel.php on line 1138.
 1 SYSTEMPATH\BaseModel.php(1138): CodeIgniter\Database\Exceptions\DataException::forInvalidAllowedFields('App\\Models\\ModelWarga')
 2 SYSTEMPATH\BaseModel.php(841): CodeIgniter\BaseModel->doProtectFields([...])
 3 SYSTEMPATH\Model.php(692): CodeIgniter\BaseModel->update([...], [...])
 4 APPPATH\Controllers\Warga.php(138): CodeIgniter\Model->update('1', [...])
 5 SYSTEMPATH\CodeIgniter.php(896): App\Controllers\Warga->update('1')
 6 SYSTEMPATH\CodeIgniter.php(466): CodeIgniter\CodeIgniter->runController(Object(App\Controllers\Warga))
 7 SYSTEMPATH\CodeIgniter.php(349): CodeIgniter\CodeIgniter->handleRequest(null, Object(Config\Cache), false)
 8 FCPATH\index.php(55): CodeIgniter\CodeIgniter->run()
 9 SYSTEMPATH\Commands\Server\rewrite.php(43): require_once('FCPATH\\index.php')
CRITICAL - 2022-07-11 07:27:10 --> Allowed fields must be specified for model: App\Models\ModelWarga
in SYSTEMPATH\BaseModel.php on line 1138.
 1 SYSTEMPATH\BaseModel.php(1138): CodeIgniter\Database\Exceptions\DataException::forInvalidAllowedFields('App\\Models\\ModelWarga')
 2 SYSTEMPATH\BaseModel.php(841): CodeIgniter\BaseModel->doProtectFields([...])
 3 SYSTEMPATH\Model.php(692): CodeIgniter\BaseModel->update([...], [...])
 4 APPPATH\Controllers\Warga.php(138): CodeIgniter\Model->update('1', [...])
 5 SYSTEMPATH\CodeIgniter.php(896): App\Controllers\Warga->update('1')
 6 SYSTEMPATH\CodeIgniter.php(466): CodeIgniter\CodeIgniter->runController(Object(App\Controllers\Warga))
 7 SYSTEMPATH\CodeIgniter.php(349): CodeIgniter\CodeIgniter->handleRequest(null, Object(Config\Cache), false)
 8 FCPATH\index.php(55): CodeIgniter\CodeIgniter->run()
 9 SYSTEMPATH\Commands\Server\rewrite.php(43): require_once('FCPATH\\index.php')
CRITICAL - 2022-07-11 07:28:24 --> Allowed fields must be specified for model: App\Models\ModelWarga
in SYSTEMPATH\BaseModel.php on line 1138.
 1 SYSTEMPATH\BaseModel.php(1138): CodeIgniter\Database\Exceptions\DataException::forInvalidAllowedFields('App\\Models\\ModelWarga')
 2 SYSTEMPATH\BaseModel.php(841): CodeIgniter\BaseModel->doProtectFields([...])
 3 SYSTEMPATH\Model.php(692): CodeIgniter\BaseModel->update([...], [...])
 4 APPPATH\Controllers\Warga.php(138): CodeIgniter\Model->update('1', [...])
 5 SYSTEMPATH\CodeIgniter.php(896): App\Controllers\Warga->update('1')
 6 SYSTEMPATH\CodeIgniter.php(466): CodeIgniter\CodeIgniter->runController(Object(App\Controllers\Warga))
 7 SYSTEMPATH\CodeIgniter.php(349): CodeIgniter\CodeIgniter->handleRequest(null, Object(Config\Cache), false)
 8 FCPATH\index.php(55): CodeIgniter\CodeIgniter->run()
 9 SYSTEMPATH\Commands\Server\rewrite.php(43): require_once('FCPATH\\index.php')
CRITICAL - 2022-07-11 07:30:26 --> Allowed fields must be specified for model: App\Models\ModelWarga
in SYSTEMPATH\BaseModel.php on line 1138.
 1 SYSTEMPATH\BaseModel.php(1138): CodeIgniter\Database\Exceptions\DataException::forInvalidAllowedFields('App\\Models\\ModelWarga')
 2 SYSTEMPATH\BaseModel.php(841): CodeIgniter\BaseModel->doProtectFields([...])
 3 SYSTEMPATH\Model.php(692): CodeIgniter\BaseModel->update([...], [...])
 4 APPPATH\Controllers\Warga.php(138): CodeIgniter\Model->update('1', [...])
 5 SYSTEMPATH\CodeIgniter.php(896): App\Controllers\Warga->update('1')
 6 SYSTEMPATH\CodeIgniter.php(466): CodeIgniter\CodeIgniter->runController(Object(App\Controllers\Warga))
 7 SYSTEMPATH\CodeIgniter.php(349): CodeIgniter\CodeIgniter->handleRequest(null, Object(Config\Cache), false)
 8 FCPATH\index.php(55): CodeIgniter\CodeIgniter->run()
 9 SYSTEMPATH\Commands\Server\rewrite.php(43): require_once('FCPATH\\index.php')
CRITICAL - 2022-07-11 07:32:05 --> Allowed fields must be specified for model: App\Models\ModelWarga
in SYSTEMPATH\BaseModel.php on line 1138.
 1 SYSTEMPATH\BaseModel.php(1138): CodeIgniter\Database\Exceptions\DataException::forInvalidAllowedFields('App\\Models\\ModelWarga')
 2 SYSTEMPATH\BaseModel.php(841): CodeIgniter\BaseModel->doProtectFields([...])
 3 SYSTEMPATH\Model.php(692): CodeIgniter\BaseModel->update([...], [...])
 4 APPPATH\Controllers\Warga.php(138): CodeIgniter\Model->update('1', [...])
 5 SYSTEMPATH\CodeIgniter.php(896): App\Controllers\Warga->update('1')
 6 SYSTEMPATH\CodeIgniter.php(466): CodeIgniter\CodeIgniter->runController(Object(App\Controllers\Warga))
 7 SYSTEMPATH\CodeIgniter.php(349): CodeIgniter\CodeIgniter->handleRequest(null, Object(Config\Cache), false)
 8 FCPATH\index.php(55): CodeIgniter\CodeIgniter->run()
 9 SYSTEMPATH\Commands\Server\rewrite.php(43): require_once('FCPATH\\index.php')
CRITICAL - 2022-07-11 07:32:24 --> Allowed fields must be specified for model: App\Models\ModelWarga
in SYSTEMPATH\BaseModel.php on line 1138.
 1 SYSTEMPATH\BaseModel.php(1138): CodeIgniter\Database\Exceptions\DataException::forInvalidAllowedFields('App\\Models\\ModelWarga')
 2 SYSTEMPATH\BaseModel.php(841): CodeIgniter\BaseModel->doProtectFields([...])
 3 SYSTEMPATH\Model.php(692): CodeIgniter\BaseModel->update([...], [...])
 4 APPPATH\Controllers\Warga.php(138): CodeIgniter\Model->update('1', [...])
 5 SYSTEMPATH\CodeIgniter.php(896): App\Controllers\Warga->update('1')
 6 SYSTEMPATH\CodeIgniter.php(466): CodeIgniter\CodeIgniter->runController(Object(App\Controllers\Warga))
 7 SYSTEMPATH\CodeIgniter.php(349): CodeIgniter\CodeIgniter->handleRequest(null, Object(Config\Cache), false)
 8 FCPATH\index.php(55): CodeIgniter\CodeIgniter->run()
 9 SYSTEMPATH\Commands\Server\rewrite.php(43): require_once('FCPATH\\index.php')
CRITICAL - 2022-07-11 08:08:45 --> Undefined variable $nama
in APPPATH\Controllers\Warga.php on line 45.
 1 APPPATH\Controllers\Warga.php(45): CodeIgniter\Debug\Exceptions->errorHandler(2, 'Undefined variable $nama', 'APPPATH\\Controllers\\Warga.php', 45)
 2 SYSTEMPATH\CodeIgniter.php(896): App\Controllers\Warga->save()
 3 SYSTEMPATH\CodeIgniter.php(466): CodeIgniter\CodeIgniter->runController(Object(App\Controllers\Warga))
 4 SYSTEMPATH\CodeIgniter.php(349): CodeIgniter\CodeIgniter->handleRequest(null, Object(Config\Cache), false)
 5 FCPATH\index.php(55): CodeIgniter\CodeIgniter->run()
 6 SYSTEMPATH\Commands\Server\rewrite.php(43): require_once('FCPATH\\index.php')
CRITICAL - 2022-07-11 08:09:56 --> Undefined property: App\Controllers\Warga::$WargaModel
in APPPATH\Controllers\Warga.php on line 52.
 1 APPPATH\Controllers\Warga.php(52): CodeIgniter\Debug\Exceptions->errorHandler(2, 'Undefined property: App\\Controllers\\Warga::$WargaModel', 'APPPATH\\Controllers\\Warga.php', 52)
 2 SYSTEMPATH\CodeIgniter.php(896): App\Controllers\Warga->save()
 3 SYSTEMPATH\CodeIgniter.php(466): CodeIgniter\CodeIgniter->runController(Object(App\Controllers\Warga))
 4 SYSTEMPATH\CodeIgniter.php(349): CodeIgniter\CodeIgniter->handleRequest(null, Object(Config\Cache), false)
 5 FCPATH\index.php(55): CodeIgniter\CodeIgniter->run()
 6 SYSTEMPATH\Commands\Server\rewrite.php(43): require_once('FCPATH\\index.php')
CRITICAL - 2022-07-11 08:10:48 --> Undefined property: App\Controllers\Warga::$WargaModel
in APPPATH\Controllers\Warga.php on line 52.
 1 APPPATH\Controllers\Warga.php(52): CodeIgniter\Debug\Exceptions->errorHandler(2, 'Undefined property: App\\Controllers\\Warga::$WargaModel', 'APPPATH\\Controllers\\Warga.php', 52)
 2 SYSTEMPATH\CodeIgniter.php(896): App\Controllers\Warga->save()
 3 SYSTEMPATH\CodeIgniter.php(466): CodeIgniter\CodeIgniter->runController(Object(App\Controllers\Warga))
 4 SYSTEMPATH\CodeIgniter.php(349): CodeIgniter\CodeIgniter->handleRequest(null, Object(Config\Cache), false)
 5 FCPATH\index.php(55): CodeIgniter\CodeIgniter->run()
 6 SYSTEMPATH\Commands\Server\rewrite.php(43): require_once('FCPATH\\index.php')
ERROR - 2022-07-11 08:11:18 --> Column 'nik' cannot be null
CRITICAL - 2022-07-11 08:11:18 --> Column 'nik' cannot be null
in SYSTEMPATH\Database\MySQLi\Connection.php on line 292.
 1 SYSTEMPATH\Database\MySQLi\Connection.php(292): mysqli->query('INSERT INTO `warga` (`nik`, `nama`, `kelamin`, `alamat`, `no_rumah`, `status`) VALUES (NULL, NULL, \'L\', NULL, NULL, \'1\')', 0)
 2 SYSTEMPATH\Database\BaseConnection.php(695): CodeIgniter\Database\MySQLi\Connection->execute('INSERT INTO `warga` (`nik`, `nama`, `kelamin`, `alamat`, `no_rumah`, `status`) VALUES (NULL, NULL, \'L\', NULL, NULL, \'1\')')
 3 SYSTEMPATH\Database\BaseConnection.php(609): CodeIgniter\Database\BaseConnection->simpleQuery('INSERT INTO `warga` (`nik`, `nama`, `kelamin`, `alamat`, `no_rumah`, `status`) VALUES (NULL, NULL, \'L\', NULL, NULL, \'1\')')
 4 SYSTEMPATH\Database\BaseBuilder.php(1904): CodeIgniter\Database\BaseConnection->query('INSERT INTO `warga` (`nik`, `nama`, `kelamin`, `alamat`, `no_rumah`, `status`) VALUES (:nik:, :nama:, :kelamin:, :alamat:, :no_rumah:, :status:)', [...], false)
 5 APPPATH\Models\ModelWarga.php(19): CodeIgniter\Database\BaseBuilder->insert([...])
 6 APPPATH\Controllers\Warga.php(52): App\Models\ModelWarga->add([...])
 7 SYSTEMPATH\CodeIgniter.php(896): App\Controllers\Warga->save()
 8 SYSTEMPATH\CodeIgniter.php(466): CodeIgniter\CodeIgniter->runController(Object(App\Controllers\Warga))
 9 SYSTEMPATH\CodeIgniter.php(349): CodeIgniter\CodeIgniter->handleRequest(null, Object(Config\Cache), false)
10 FCPATH\index.php(55): CodeIgniter\CodeIgniter->run()
11 SYSTEMPATH\Commands\Server\rewrite.php(43): require_once('FCPATH\\index.php')
ERROR - 2022-07-11 08:11:34 --> Column 'nik' cannot be null
CRITICAL - 2022-07-11 08:11:34 --> Column 'nik' cannot be null
in SYSTEMPATH\Database\MySQLi\Connection.php on line 292.
 1 SYSTEMPATH\Database\MySQLi\Connection.php(292): mysqli->query('INSERT INTO `warga` (`nik`, `nama`, `kelamin`, `alamat`, `no_rumah`, `status`) VALUES (NULL, NULL, \'L\', NULL, NULL, \'1\')', 0)
 2 SYSTEMPATH\Database\BaseConnection.php(695): CodeIgniter\Database\MySQLi\Connection->execute('INSERT INTO `warga` (`nik`, `nama`, `kelamin`, `alamat`, `no_rumah`, `status`) VALUES (NULL, NULL, \'L\', NULL, NULL, \'1\')')
 3 SYSTEMPATH\Database\BaseConnection.php(609): CodeIgniter\Database\BaseConnection->simpleQuery('INSERT INTO `warga` (`nik`, `nama`, `kelamin`, `alamat`, `no_rumah`, `status`) VALUES (NULL, NULL, \'L\', NULL, NULL, \'1\')')
 4 SYSTEMPATH\Database\BaseBuilder.php(1904): CodeIgniter\Database\BaseConnection->query('INSERT INTO `warga` (`nik`, `nama`, `kelamin`, `alamat`, `no_rumah`, `status`) VALUES (:nik:, :nama:, :kelamin:, :alamat:, :no_rumah:, :status:)', [...], false)
 5 APPPATH\Models\ModelWarga.php(19): CodeIgniter\Database\BaseBuilder->insert([...])
 6 APPPATH\Controllers\Warga.php(52): App\Models\ModelWarga->add([...])
 7 SYSTEMPATH\CodeIgniter.php(896): App\Controllers\Warga->save()
 8 SYSTEMPATH\CodeIgniter.php(466): CodeIgniter\CodeIgniter->runController(Object(App\Controllers\Warga))
 9 SYSTEMPATH\CodeIgniter.php(349): CodeIgniter\CodeIgniter->handleRequest(null, Object(Config\Cache), false)
10 FCPATH\index.php(55): CodeIgniter\CodeIgniter->run()
11 SYSTEMPATH\Commands\Server\rewrite.php(43): require_once('FCPATH\\index.php')
ERROR - 2022-07-11 08:13:37 --> Column 'nik' cannot be null
CRITICAL - 2022-07-11 08:13:37 --> Column 'nik' cannot be null
in SYSTEMPATH\Database\MySQLi\Connection.php on line 292.
 1 SYSTEMPATH\Database\MySQLi\Connection.php(292): mysqli->query('INSERT INTO `warga` (`nik`, `nama`, `kelamin`, `alamat`, `no_rumah`, `status`) VALUES (NULL, NULL, \'L\', NULL, NULL, \'1\')', 0)
 2 SYSTEMPATH\Database\BaseConnection.php(695): CodeIgniter\Database\MySQLi\Connection->execute('INSERT INTO `warga` (`nik`, `nama`, `kelamin`, `alamat`, `no_rumah`, `status`) VALUES (NULL, NULL, \'L\', NULL, NULL, \'1\')')
 3 SYSTEMPATH\Database\BaseConnection.php(609): CodeIgniter\Database\BaseConnection->simpleQuery('INSERT INTO `warga` (`nik`, `nama`, `kelamin`, `alamat`, `no_rumah`, `status`) VALUES (NULL, NULL, \'L\', NULL, NULL, \'1\')')
 4 SYSTEMPATH\Database\BaseBuilder.php(1904): CodeIgniter\Database\BaseConnection->query('INSERT INTO `warga` (`nik`, `nama`, `kelamin`, `alamat`, `no_rumah`, `status`) VALUES (:nik:, :nama:, :kelamin:, :alamat:, :no_rumah:, :status:)', [...], false)
 5 APPPATH\Models\ModelWarga.php(19): CodeIgniter\Database\BaseBuilder->insert([...])
 6 APPPATH\Controllers\Warga.php(52): App\Models\ModelWarga->add([...])
 7 SYSTEMPATH\CodeIgniter.php(896): App\Controllers\Warga->save()
 8 SYSTEMPATH\CodeIgniter.php(466): CodeIgniter\CodeIgniter->runController(Object(App\Controllers\Warga))
 9 SYSTEMPATH\CodeIgniter.php(349): CodeIgniter\CodeIgniter->handleRequest(null, Object(Config\Cache), false)
10 FCPATH\index.php(55): CodeIgniter\CodeIgniter->run()
11 SYSTEMPATH\Commands\Server\rewrite.php(43): require_once('FCPATH\\index.php')
ERROR - 2022-07-11 08:16:16 --> Column 'nik' cannot be null
CRITICAL - 2022-07-11 08:16:16 --> Column 'nik' cannot be null
in SYSTEMPATH\Database\MySQLi\Connection.php on line 292.
 1 SYSTEMPATH\Database\MySQLi\Connection.php(292): mysqli->query('INSERT INTO `warga` (`nik`, `nama`, `kelamin`, `alamat`, `no_rumah`, `status`) VALUES (NULL, NULL, \'L\', NULL, NULL, \'1\')', 0)
 2 SYSTEMPATH\Database\BaseConnection.php(695): CodeIgniter\Database\MySQLi\Connection->execute('INSERT INTO `warga` (`nik`, `nama`, `kelamin`, `alamat`, `no_rumah`, `status`) VALUES (NULL, NULL, \'L\', NULL, NULL, \'1\')')
 3 SYSTEMPATH\Database\BaseConnection.php(609): CodeIgniter\Database\BaseConnection->simpleQuery('INSERT INTO `warga` (`nik`, `nama`, `kelamin`, `alamat`, `no_rumah`, `status`) VALUES (NULL, NULL, \'L\', NULL, NULL, \'1\')')
 4 SYSTEMPATH\Database\BaseBuilder.php(1904): CodeIgniter\Database\BaseConnection->query('INSERT INTO `warga` (`nik`, `nama`, `kelamin`, `alamat`, `no_rumah`, `status`) VALUES (:nik:, :nama:, :kelamin:, :alamat:, :no_rumah:, :status:)', [...], false)
 5 APPPATH\Models\ModelWarga.php(19): CodeIgniter\Database\BaseBuilder->insert([...])
 6 APPPATH\Controllers\Warga.php(52): App\Models\ModelWarga->add([...])
 7 SYSTEMPATH\CodeIgniter.php(896): App\Controllers\Warga->save()
 8 SYSTEMPATH\CodeIgniter.php(466): CodeIgniter\CodeIgniter->runController(Object(App\Controllers\Warga))
 9 SYSTEMPATH\CodeIgniter.php(349): CodeIgniter\CodeIgniter->handleRequest(null, Object(Config\Cache), false)
10 FCPATH\index.php(55): CodeIgniter\CodeIgniter->run()
11 SYSTEMPATH\Commands\Server\rewrite.php(43): require_once('FCPATH\\index.php')
ERROR - 2022-07-11 08:17:28 --> Column 'nik' cannot be null
CRITICAL - 2022-07-11 08:17:28 --> Column 'nik' cannot be null
in SYSTEMPATH\Database\MySQLi\Connection.php on line 292.
 1 SYSTEMPATH\Database\MySQLi\Connection.php(292): mysqli->query('INSERT INTO `warga` (`nik`, `nama`, `kelamin`, `alamat`, `no_rumah`, `status`) VALUES (NULL, NULL, \'L\', NULL, NULL, \'1\')', 0)
 2 SYSTEMPATH\Database\BaseConnection.php(695): CodeIgniter\Database\MySQLi\Connection->execute('INSERT INTO `warga` (`nik`, `nama`, `kelamin`, `alamat`, `no_rumah`, `status`) VALUES (NULL, NULL, \'L\', NULL, NULL, \'1\')')
 3 SYSTEMPATH\Database\BaseConnection.php(609): CodeIgniter\Database\BaseConnection->simpleQuery('INSERT INTO `warga` (`nik`, `nama`, `kelamin`, `alamat`, `no_rumah`, `status`) VALUES (NULL, NULL, \'L\', NULL, NULL, \'1\')')
 4 SYSTEMPATH\Database\BaseBuilder.php(1904): CodeIgniter\Database\BaseConnection->query('INSERT INTO `warga` (`nik`, `nama`, `kelamin`, `alamat`, `no_rumah`, `status`) VALUES (:nik:, :nama:, :kelamin:, :alamat:, :no_rumah:, :status:)', [...], false)
 5 APPPATH\Models\ModelWarga.php(19): CodeIgniter\Database\BaseBuilder->insert([...])
 6 APPPATH\Controllers\Warga.php(52): App\Models\ModelWarga->add([...])
 7 SYSTEMPATH\CodeIgniter.php(896): App\Controllers\Warga->save()
 8 SYSTEMPATH\CodeIgniter.php(466): CodeIgniter\CodeIgniter->runController(Object(App\Controllers\Warga))
 9 SYSTEMPATH\CodeIgniter.php(349): CodeIgniter\CodeIgniter->handleRequest(null, Object(Config\Cache), false)
10 FCPATH\index.php(55): CodeIgniter\CodeIgniter->run()
11 SYSTEMPATH\Commands\Server\rewrite.php(43): require_once('FCPATH\\index.php')
ERROR - 2022-07-11 08:20:03 --> Column 'alamat' cannot be null
CRITICAL - 2022-07-11 08:20:03 --> Column 'alamat' cannot be null
in SYSTEMPATH\Database\MySQLi\Connection.php on line 292.
 1 SYSTEMPATH\Database\MySQLi\Connection.php(292): mysqli->query('INSERT INTO `warga` (`nik`, `nama`, `kelamin`, `alamat`, `no_rumah`, `status`) VALUES (\'9090\', \'kjsfdnk,j\', \'L\', NULL, \'11\', \'1\')', 0)
 2 SYSTEMPATH\Database\BaseConnection.php(695): CodeIgniter\Database\MySQLi\Connection->execute('INSERT INTO `warga` (`nik`, `nama`, `kelamin`, `alamat`, `no_rumah`, `status`) VALUES (\'9090\', \'kjsfdnk,j\', \'L\', NULL, \'11\', \'1\')')
 3 SYSTEMPATH\Database\BaseConnection.php(609): CodeIgniter\Database\BaseConnection->simpleQuery('INSERT INTO `warga` (`nik`, `nama`, `kelamin`, `alamat`, `no_rumah`, `status`) VALUES (\'9090\', \'kjsfdnk,j\', \'L\', NULL, \'11\', \'1\')')
 4 SYSTEMPATH\Database\BaseBuilder.php(1904): CodeIgniter\Database\BaseConnection->query('INSERT INTO `warga` (`nik`, `nama`, `kelamin`, `alamat`, `no_rumah`, `status`) VALUES (:nik:, :nama:, :kelamin:, :alamat:, :no_rumah:, :status:)', [...], false)
 5 APPPATH\Models\ModelWarga.php(19): CodeIgniter\Database\BaseBuilder->insert([...])
 6 APPPATH\Controllers\Warga.php(52): App\Models\ModelWarga->add([...])
 7 SYSTEMPATH\CodeIgniter.php(896): App\Controllers\Warga->save()
 8 SYSTEMPATH\CodeIgniter.php(466): CodeIgniter\CodeIgniter->runController(Object(App\Controllers\Warga))
 9 SYSTEMPATH\CodeIgniter.php(349): CodeIgniter\CodeIgniter->handleRequest(null, Object(Config\Cache), false)
10 FCPATH\index.php(55): CodeIgniter\CodeIgniter->run()
11 SYSTEMPATH\Commands\Server\rewrite.php(43): require_once('FCPATH\\index.php')
ERROR - 2022-07-11 08:20:32 --> Column 'alamat' cannot be null
CRITICAL - 2022-07-11 08:20:32 --> Column 'alamat' cannot be null
in SYSTEMPATH\Database\MySQLi\Connection.php on line 292.
 1 SYSTEMPATH\Database\MySQLi\Connection.php(292): mysqli->query('INSERT INTO `warga` (`nik`, `nama`, `kelamin`, `alamat`, `no_rumah`, `status`) VALUES (\'9090\', \'kjsfdnk,j\', \'L\', NULL, \'11\', \'1\')', 0)
 2 SYSTEMPATH\Database\BaseConnection.php(695): CodeIgniter\Database\MySQLi\Connection->execute('INSERT INTO `warga` (`nik`, `nama`, `kelamin`, `alamat`, `no_rumah`, `status`) VALUES (\'9090\', \'kjsfdnk,j\', \'L\', NULL, \'11\', \'1\')')
 3 SYSTEMPATH\Database\BaseConnection.php(609): CodeIgniter\Database\BaseConnection->simpleQuery('INSERT INTO `warga` (`nik`, `nama`, `kelamin`, `alamat`, `no_rumah`, `status`) VALUES (\'9090\', \'kjsfdnk,j\', \'L\', NULL, \'11\', \'1\')')
 4 SYSTEMPATH\Database\BaseBuilder.php(1904): CodeIgniter\Database\BaseConnection->query('INSERT INTO `warga` (`nik`, `nama`, `kelamin`, `alamat`, `no_rumah`, `status`) VALUES (:nik:, :nama:, :kelamin:, :alamat:, :no_rumah:, :status:)', [...], false)
 5 APPPATH\Models\ModelWarga.php(19): CodeIgniter\Database\BaseBuilder->insert([...])
 6 APPPATH\Controllers\Warga.php(52): App\Models\ModelWarga->add([...])
 7 SYSTEMPATH\CodeIgniter.php(896): App\Controllers\Warga->save()
 8 SYSTEMPATH\CodeIgniter.php(466): CodeIgniter\CodeIgniter->runController(Object(App\Controllers\Warga))
 9 SYSTEMPATH\CodeIgniter.php(349): CodeIgniter\CodeIgniter->handleRequest(null, Object(Config\Cache), false)
10 FCPATH\index.php(55): CodeIgniter\CodeIgniter->run()
11 SYSTEMPATH\Commands\Server\rewrite.php(43): require_once('FCPATH\\index.php')
CRITICAL - 2022-07-11 09:49:22 --> Undefined property: App\Controllers\Iuran::$db
in APPPATH\Controllers\Iuran.php on line 25.
 1 APPPATH\Controllers\Iuran.php(25): CodeIgniter\Debug\Exceptions->errorHandler(2, 'Undefined property: App\\Controllers\\Iuran::$db', 'APPPATH\\Controllers\\Iuran.php', 25)
 2 SYSTEMPATH\CodeIgniter.php(858): App\Controllers\Iuran->__construct()
 3 SYSTEMPATH\CodeIgniter.php(457): CodeIgniter\CodeIgniter->createController()
 4 SYSTEMPATH\CodeIgniter.php(349): CodeIgniter\CodeIgniter->handleRequest(null, Object(Config\Cache), false)
 5 FCPATH\index.php(55): CodeIgniter\CodeIgniter->run()
 6 SYSTEMPATH\Commands\Server\rewrite.php(43): require_once('FCPATH\\index.php')
CRITICAL - 2022-07-11 10:07:41 --> Undefined property: App\Controllers\Iuran::$requset
in APPPATH\Controllers\Iuran.php on line 40.
 1 APPPATH\Controllers\Iuran.php(40): CodeIgniter\Debug\Exceptions->errorHandler(2, 'Undefined property: App\\Controllers\\Iuran::$requset', 'APPPATH\\Controllers\\Iuran.php', 40)
 2 SYSTEMPATH\CodeIgniter.php(896): App\Controllers\Iuran->save()
 3 SYSTEMPATH\CodeIgniter.php(466): CodeIgniter\CodeIgniter->runController(Object(App\Controllers\Iuran))
 4 SYSTEMPATH\CodeIgniter.php(349): CodeIgniter\CodeIgniter->handleRequest(null, Object(Config\Cache), false)
 5 FCPATH\index.php(55): CodeIgniter\CodeIgniter->run()
 6 SYSTEMPATH\Commands\Server\rewrite.php(43): require_once('FCPATH\\index.php')
ERROR - 2022-07-11 10:11:34 --> Unknown column 'warga_id' in 'where clause'
CRITICAL - 2022-07-11 10:11:34 --> Unknown column 'warga_id' in 'where clause'
in SYSTEMPATH\Database\MySQLi\Connection.php on line 292.
 1 SYSTEMPATH\Database\MySQLi\Connection.php(292): mysqli->query('select nama from warga where warga_id = 1', 0)
 2 SYSTEMPATH\Database\BaseConnection.php(695): CodeIgniter\Database\MySQLi\Connection->execute('select nama from warga where warga_id = 1')
 3 SYSTEMPATH\Database\BaseConnection.php(609): CodeIgniter\Database\BaseConnection->simpleQuery('select nama from warga where warga_id = 1')
 4 APPPATH\Views\dataiuran.php(52): CodeIgniter\Database\BaseConnection->query('select nama from warga where warga_id = 1')
 5 SYSTEMPATH\View\View.php(213): include('APPPATH\\Views\\dataiuran.php')
 6 SYSTEMPATH\View\View.php(216): CodeIgniter\View\View->CodeIgniter\View\{closure}()
 7 SYSTEMPATH\Common.php(1135): CodeIgniter\View\View->render('dataiuran', [], true)
 8 APPPATH\Controllers\Iuran.php(18): view('dataiuran', [...])
 9 SYSTEMPATH\CodeIgniter.php(896): App\Controllers\Iuran->index()
10 SYSTEMPATH\CodeIgniter.php(466): CodeIgniter\CodeIgniter->runController(Object(App\Controllers\Iuran))
11 SYSTEMPATH\CodeIgniter.php(349): CodeIgniter\CodeIgniter->handleRequest(null, Object(Config\Cache), false)
12 FCPATH\index.php(55): CodeIgniter\CodeIgniter->run()
13 SYSTEMPATH\Commands\Server\rewrite.php(43): require_once('FCPATH\\index.php')
ERROR - 2022-07-11 10:14:13 --> Unknown column 'warga_id' in 'where clause'
CRITICAL - 2022-07-11 10:14:13 --> Unknown column 'warga_id' in 'where clause'
in SYSTEMPATH\Database\MySQLi\Connection.php on line 292.
 1 SYSTEMPATH\Database\MySQLi\Connection.php(292): mysqli->query('select nama from warga where warga_id = 1', 0)
 2 SYSTEMPATH\Database\BaseConnection.php(695): CodeIgniter\Database\MySQLi\Connection->execute('select nama from warga where warga_id = 1')
 3 SYSTEMPATH\Database\BaseConnection.php(609): CodeIgniter\Database\BaseConnection->simpleQuery('select nama from warga where warga_id = 1')
 4 APPPATH\Views\dataiuran.php(52): CodeIgniter\Database\BaseConnection->query('select nama from warga where warga_id = 1')
 5 SYSTEMPATH\View\View.php(213): include('APPPATH\\Views\\dataiuran.php')
 6 SYSTEMPATH\View\View.php(216): CodeIgniter\View\View->CodeIgniter\View\{closure}()
 7 SYSTEMPATH\Common.php(1135): CodeIgniter\View\View->render('dataiuran', [], true)
 8 APPPATH\Controllers\Iuran.php(18): view('dataiuran', [...])
 9 SYSTEMPATH\CodeIgniter.php(896): App\Controllers\Iuran->index()
10 SYSTEMPATH\CodeIgniter.php(466): CodeIgniter\CodeIgniter->runController(Object(App\Controllers\Iuran))
11 SYSTEMPATH\CodeIgniter.php(349): CodeIgniter\CodeIgniter->handleRequest(null, Object(Config\Cache), false)
12 FCPATH\index.php(55): CodeIgniter\CodeIgniter->run()
13 SYSTEMPATH\Commands\Server\rewrite.php(43): require_once('FCPATH\\index.php')
CRITICAL - 2022-07-11 10:17:06 --> Undefined array key "warga_id"
in APPPATH\Views\dataiuran.php on line 52.
 1 APPPATH\Views\dataiuran.php(52): CodeIgniter\Debug\Exceptions->errorHandler(2, 'Undefined array key "warga_id"', 'APPPATH\\Views\\dataiuran.php', 52)
 2 SYSTEMPATH\View\View.php(213): include('APPPATH\\Views\\dataiuran.php')
 3 SYSTEMPATH\View\View.php(216): CodeIgniter\View\View->CodeIgniter\View\{closure}()
 4 SYSTEMPATH\Common.php(1135): CodeIgniter\View\View->render('dataiuran', [], true)
 5 APPPATH\Controllers\Iuran.php(18): view('dataiuran', [...])
 6 SYSTEMPATH\CodeIgniter.php(896): App\Controllers\Iuran->index()
 7 SYSTEMPATH\CodeIgniter.php(466): CodeIgniter\CodeIgniter->runController(Object(App\Controllers\Iuran))
 8 SYSTEMPATH\CodeIgniter.php(349): CodeIgniter\CodeIgniter->handleRequest(null, Object(Config\Cache), false)
 9 FCPATH\index.php(55): CodeIgniter\CodeIgniter->run()
10 SYSTEMPATH\Commands\Server\rewrite.php(43): require_once('FCPATH\\index.php')
CRITICAL - 2022-07-11 10:17:33 --> Undefined array key "idIuran"
in APPPATH\Views\dataiuran.php on line 64.
 1 APPPATH\Views\dataiuran.php(64): CodeIgniter\Debug\Exceptions->errorHandler(2, 'Undefined array key "idIuran"', 'APPPATH\\Views\\dataiuran.php', 64)
 2 SYSTEMPATH\View\View.php(213): include('APPPATH\\Views\\dataiuran.php')
 3 SYSTEMPATH\View\View.php(216): CodeIgniter\View\View->CodeIgniter\View\{closure}()
 4 SYSTEMPATH\Common.php(1135): CodeIgniter\View\View->render('dataiuran', [], true)
 5 APPPATH\Controllers\Iuran.php(18): view('dataiuran', [...])
 6 SYSTEMPATH\CodeIgniter.php(896): App\Controllers\Iuran->index()
 7 SYSTEMPATH\CodeIgniter.php(466): CodeIgniter\CodeIgniter->runController(Object(App\Controllers\Iuran))
 8 SYSTEMPATH\CodeIgniter.php(349): CodeIgniter\CodeIgniter->handleRequest(null, Object(Config\Cache), false)
 9 FCPATH\index.php(55): CodeIgniter\CodeIgniter->run()
10 SYSTEMPATH\Commands\Server\rewrite.php(43): require_once('FCPATH\\index.php')
CRITICAL - 2022-07-11 10:19:11 --> Undefined array key "idiuran "
in APPPATH\Views\dataiuran.php on line 65.
 1 APPPATH\Views\dataiuran.php(65): CodeIgniter\Debug\Exceptions->errorHandler(2, 'Undefined array key "idiuran "', 'APPPATH\\Views\\dataiuran.php', 65)
 2 SYSTEMPATH\View\View.php(213): include('APPPATH\\Views\\dataiuran.php')
 3 SYSTEMPATH\View\View.php(216): CodeIgniter\View\View->CodeIgniter\View\{closure}()
 4 SYSTEMPATH\Common.php(1135): CodeIgniter\View\View->render('dataiuran', [], true)
 5 APPPATH\Controllers\Iuran.php(18): view('dataiuran', [...])
 6 SYSTEMPATH\CodeIgniter.php(896): App\Controllers\Iuran->index()
 7 SYSTEMPATH\CodeIgniter.php(466): CodeIgniter\CodeIgniter->runController(Object(App\Controllers\Iuran))
 8 SYSTEMPATH\CodeIgniter.php(349): CodeIgniter\CodeIgniter->handleRequest(null, Object(Config\Cache), false)
 9 FCPATH\index.php(55): CodeIgniter\CodeIgniter->run()
10 SYSTEMPATH\Commands\Server\rewrite.php(43): require_once('FCPATH\\index.php')
ERROR - 2022-07-11 10:25:40 --> Unknown column 'warga_id' in 'field list'
CRITICAL - 2022-07-11 10:25:40 --> Unknown column 'warga_id' in 'field list'
in SYSTEMPATH\Database\MySQLi\Connection.php on line 292.
 1 SYSTEMPATH\Database\MySQLi\Connection.php(292): mysqli->query('INSERT INTO `iuran` (`warga_id`, `tanggal`, `bulan`, `tahun`, `jumlah`, `keterangan`) VALUES (\'2\', \'01\', \'07\', \'2022\', \'200000\', \'test\')', 0)
 2 SYSTEMPATH\Database\BaseConnection.php(695): CodeIgniter\Database\MySQLi\Connection->execute('INSERT INTO `iuran` (`warga_id`, `tanggal`, `bulan`, `tahun`, `jumlah`, `keterangan`) VALUES (\'2\', \'01\', \'07\', \'2022\', \'200000\', \'test\')')
 3 SYSTEMPATH\Database\BaseConnection.php(609): CodeIgniter\Database\BaseConnection->simpleQuery('INSERT INTO `iuran` (`warga_id`, `tanggal`, `bulan`, `tahun`, `jumlah`, `keterangan`) VALUES (\'2\', \'01\', \'07\', \'2022\', \'200000\', \'test\')')
 4 SYSTEMPATH\Database\BaseBuilder.php(1904): CodeIgniter\Database\BaseConnection->query('INSERT INTO `iuran` (`warga_id`, `tanggal`, `bulan`, `tahun`, `jumlah`, `keterangan`) VALUES (:warga_id:, :tanggal:, :bulan:, :tahun:, :jumlah:, :keterangan:)', [...], false)
 5 APPPATH\Models\ModelIuran.php(18): CodeIgniter\Database\BaseBuilder->insert([...])
 6 APPPATH\Controllers\Iuran.php(69): App\Models\ModelIuran->add([...])
 7 SYSTEMPATH\CodeIgniter.php(896): App\Controllers\Iuran->save()
 8 SYSTEMPATH\CodeIgniter.php(466): CodeIgniter\CodeIgniter->runController(Object(App\Controllers\Iuran))
 9 SYSTEMPATH\CodeIgniter.php(349): CodeIgniter\CodeIgniter->handleRequest(null, Object(Config\Cache), false)
10 FCPATH\index.php(55): CodeIgniter\CodeIgniter->run()
11 SYSTEMPATH\Commands\Server\rewrite.php(43): require_once('FCPATH\\index.php')
ERROR - 2022-07-11 10:26:28 --> Unknown column 'warga_id' in 'field list'
CRITICAL - 2022-07-11 10:26:28 --> Unknown column 'warga_id' in 'field list'
in SYSTEMPATH\Database\MySQLi\Connection.php on line 292.
 1 SYSTEMPATH\Database\MySQLi\Connection.php(292): mysqli->query('INSERT INTO `iuran` (`warga_id`, `tanggal`, `bulan`, `tahun`, `jumlah`, `keterangan`) VALUES (\'2\', \'01\', \'07\', \'2022\', \'200000\', \'test\')', 0)
 2 SYSTEMPATH\Database\BaseConnection.php(695): CodeIgniter\Database\MySQLi\Connection->execute('INSERT INTO `iuran` (`warga_id`, `tanggal`, `bulan`, `tahun`, `jumlah`, `keterangan`) VALUES (\'2\', \'01\', \'07\', \'2022\', \'200000\', \'test\')')
 3 SYSTEMPATH\Database\BaseConnection.php(609): CodeIgniter\Database\BaseConnection->simpleQuery('INSERT INTO `iuran` (`warga_id`, `tanggal`, `bulan`, `tahun`, `jumlah`, `keterangan`) VALUES (\'2\', \'01\', \'07\', \'2022\', \'200000\', \'test\')')
 4 SYSTEMPATH\Database\BaseBuilder.php(1904): CodeIgniter\Database\BaseConnection->query('INSERT INTO `iuran` (`warga_id`, `tanggal`, `bulan`, `tahun`, `jumlah`, `keterangan`) VALUES (:warga_id:, :tanggal:, :bulan:, :tahun:, :jumlah:, :keterangan:)', [...], false)
 5 APPPATH\Models\ModelIuran.php(18): CodeIgniter\Database\BaseBuilder->insert([...])
 6 APPPATH\Controllers\Iuran.php(69): App\Models\ModelIuran->add([...])
 7 SYSTEMPATH\CodeIgniter.php(896): App\Controllers\Iuran->save()
 8 SYSTEMPATH\CodeIgniter.php(466): CodeIgniter\CodeIgniter->runController(Object(App\Controllers\Iuran))
 9 SYSTEMPATH\CodeIgniter.php(349): CodeIgniter\CodeIgniter->handleRequest(null, Object(Config\Cache), false)
10 FCPATH\index.php(55): CodeIgniter\CodeIgniter->run()
11 SYSTEMPATH\Commands\Server\rewrite.php(43): require_once('FCPATH\\index.php')
ERROR - 2022-07-11 10:28:33 --> Column 'id' cannot be null
CRITICAL - 2022-07-11 10:28:33 --> Column 'id' cannot be null
in SYSTEMPATH\Database\MySQLi\Connection.php on line 292.
 1 SYSTEMPATH\Database\MySQLi\Connection.php(292): mysqli->query('INSERT INTO `iuran` (`id`, `tanggal`, `bulan`, `tahun`, `jumlah`, `keterangan`) VALUES (NULL, \'01\', \'07\', \'2022\', \'200000\', \'test\')', 0)
 2 SYSTEMPATH\Database\BaseConnection.php(695): CodeIgniter\Database\MySQLi\Connection->execute('INSERT INTO `iuran` (`id`, `tanggal`, `bulan`, `tahun`, `jumlah`, `keterangan`) VALUES (NULL, \'01\', \'07\', \'2022\', \'200000\', \'test\')')
 3 SYSTEMPATH\Database\BaseConnection.php(609): CodeIgniter\Database\BaseConnection->simpleQuery('INSERT INTO `iuran` (`id`, `tanggal`, `bulan`, `tahun`, `jumlah`, `keterangan`) VALUES (NULL, \'01\', \'07\', \'2022\', \'200000\', \'test\')')
 4 SYSTEMPATH\Database\BaseBuilder.php(1904): CodeIgniter\Database\BaseConnection->query('INSERT INTO `iuran` (`id`, `tanggal`, `bulan`, `tahun`, `jumlah`, `keterangan`) VALUES (:id:, :tanggal:, :bulan:, :tahun:, :jumlah:, :keterangan:)', [...], false)
 5 APPPATH\Models\ModelIuran.php(18): CodeIgniter\Database\BaseBuilder->insert([...])
 6 APPPATH\Controllers\Iuran.php(69): App\Models\ModelIuran->add([...])
 7 SYSTEMPATH\CodeIgniter.php(896): App\Controllers\Iuran->save()
 8 SYSTEMPATH\CodeIgniter.php(466): CodeIgniter\CodeIgniter->runController(Object(App\Controllers\Iuran))
 9 SYSTEMPATH\CodeIgniter.php(349): CodeIgniter\CodeIgniter->handleRequest(null, Object(Config\Cache), false)
10 FCPATH\index.php(55): CodeIgniter\CodeIgniter->run()
11 SYSTEMPATH\Commands\Server\rewrite.php(43): require_once('FCPATH\\index.php')
